[ 2014-08-21T10:23:43+08:00 ] 127.0.0.1 /php/app/index.php
INFO: [ app_begin ] --START--
INFO: ReadHtmlCache Behavior ::run [ RunTime:0.012608s ]
INFO: [ app_begin ] --END-- [ RunTime:0.012758s ]
INFO: [ view_parse ] --START--
NOTIC: [2] is_file() [<a href='function.is-file'>function.is-file</a>]: open_basedir restriction in effect. File(&lt;style type=&quot;text/css&quot;&gt;*{ padding: 0; margin: 0; } div{ padding: 4px 48px;} body{ background: #fff; font-family: &quot;微软雅黑&quot;; color: #333;} h1{ font-size: 100px; font-weight: normal; margin-bottom: 12px; } p{ line-height: 1.8em; font-size: 36px }&lt;/style&gt;&lt;div style=&quot;padding: 24px 48px;&quot;&gt; &lt;h1&gt;:)&lt;/h1&gt;&lt;p&gt;欢迎使用 &lt;b&gt;ThinkPHP&lt;/b&gt;！&lt;/p&gt;&lt;/div&gt;&lt;script type=&quot;text/javascript&quot; src=&quot;http://tajs.qq.com/stats?sId=9347272&quot; charset=&quot;UTF-8&quot;&gt;&lt;/script&gt;) is not within the allowed path(s): (C:/Program Files/xampps/) C:\Program Files\xampps\htdocs\php\app\Lib\Template\ThinkTemplate.class.php 第 96 行.
INFO: ParseTemplate Behavior ::run [ RunTime:0.081334s ]
INFO: [ view_parse ] --END-- [ RunTime:0.081484s ]
INFO: [ view_filter ] --START--
NOTIC: [8] Use of undefined constant APP_TMPL_PATH - assumed 'APP_TMPL_PATH' C:\Program Files\xampps\htdocs\php\app\Lib\Behavior\ContentReplaceBehavior.class.php 第 40 行.
NOTIC: [8] Use of undefined constant APP_TMPL_PATH - assumed 'APP_TMPL_PATH' C:\Program Files\xampps\htdocs\php\app\Lib\Behavior\ContentReplaceBehavior.class.php 第 47 行.
INFO: ContentReplace Behavior ::run [ RunTime:0.013388s ]
INFO: TokenBuild Behavior ::run [ RunTime:0.013597s ]
INFO: WriteHtmlCache Behavior ::run [ RunTime:0.018076s ]
INFO: ShowRuntime Behavior ::run [ RunTime:0.018727s ]
INFO: [ view_filter ] --END-- [ RunTime:0.064363s ]
INFO: [ view_end ] --START--
INFO: ShowPageTrace Behavior ::run [ RunTime:0.016091s ]
INFO: [ view_end ] --END-- [ RunTime:0.016253s ]

[ 2014-08-21T10:23:45+08:00 ] 127.0.0.1 /php/app/index.php
INFO: [ app_begin ] --START--
INFO: ReadHtmlCache Behavior ::run [ RunTime:0.015317s ]
INFO: [ app_begin ] --END-- [ RunTime:0.015498s ]
INFO: [ view_parse ] --START--
INFO: ParseTemplate Behavior ::run [ RunTime:0.021927s ]
INFO: [ view_parse ] --END-- [ RunTime:0.022069s ]
INFO: [ view_filter ] --START--
NOTIC: [8] Use of undefined constant APP_TMPL_PATH - assumed 'APP_TMPL_PATH' C:\Program Files\xampps\htdocs\php\app\Lib\Behavior\ContentReplaceBehavior.class.php 第 40 行.
NOTIC: [8] Use of undefined constant APP_TMPL_PATH - assumed 'APP_TMPL_PATH' C:\Program Files\xampps\htdocs\php\app\Lib\Behavior\ContentReplaceBehavior.class.php 第 47 行.
INFO: ContentReplace Behavior ::run [ RunTime:0.014231s ]
INFO: TokenBuild Behavior ::run [ RunTime:0.013182s ]
INFO: WriteHtmlCache Behavior ::run [ RunTime:0.012753s ]
INFO: ShowRuntime Behavior ::run [ RunTime:0.012898s ]
INFO: [ view_filter ] --END-- [ RunTime:0.053452s ]
INFO: [ view_end ] --START--
INFO: ShowPageTrace Behavior ::run [ RunTime:0.012642s ]
INFO: [ view_end ] --END-- [ RunTime:0.012810s ]

[ 2014-08-21T10:30:00+08:00 ] 127.0.0.1 /php/app/index.php
INFO: [ app_begin ] --START--
INFO: ReadHtmlCache Behavior ::run [ RunTime:0.013215s ]
INFO: [ app_begin ] --END-- [ RunTime:0.013362s ]
INFO: [ view_parse ] --START--
INFO: ParseTemplate Behavior ::run [ RunTime:0.086065s ]
INFO: [ view_parse ] --END-- [ RunTime:0.086235s ]
INFO: [ view_filter ] --START--
INFO: ContentReplace Behavior ::run [ RunTime:0.015344s ]
INFO: TokenBuild Behavior ::run [ RunTime:0.014544s ]
INFO: WriteHtmlCache Behavior ::run [ RunTime:0.014736s ]
INFO: ShowRuntime Behavior ::run [ RunTime:0.015390s ]
INFO: [ view_filter ] --END-- [ RunTime:0.060501s ]
INFO: [ view_end ] --START--
INFO: ShowPageTrace Behavior ::run [ RunTime:0.011634s ]
INFO: [ view_end ] --END-- [ RunTime:0.011740s ]

[ 2014-08-21T10:32:37+08:00 ] 127.0.0.1 /php/app/index.php
INFO: [ app_begin ] --START--
INFO: ReadHtmlCache Behavior ::run [ RunTime:0.011459s ]
INFO: [ app_begin ] --END-- [ RunTime:0.012505s ]
SQL: SHOW COLUMNS FROM `think_data` [ RunTime:0.033514s ]
SQL: SELECT * FROM `think_data`  [ RunTime:0.000501s ]
INFO: [ view_parse ] --START--
INFO: ParseTemplate Behavior ::run [ RunTime:0.099901s ]
INFO: [ view_parse ] --END-- [ RunTime:0.100063s ]
INFO: [ view_filter ] --START--
INFO: ContentReplace Behavior ::run [ RunTime:0.011191s ]
INFO: TokenBuild Behavior ::run [ RunTime:0.012115s ]
INFO: WriteHtmlCache Behavior ::run [ RunTime:0.012717s ]
INFO: ShowRuntime Behavior ::run [ RunTime:0.011778s ]
INFO: [ view_filter ] --END-- [ RunTime:0.048136s ]
INFO: [ view_end ] --START--
INFO: ShowPageTrace Behavior ::run [ RunTime:0.011775s ]
INFO: [ view_end ] --END-- [ RunTime:0.012080s ]

[ 2014-08-21T10:57:45+08:00 ] 127.0.0.1 /php/app/index.php/Form/add
INFO: [ route_check ] --START--
INFO: CheckRoute Behavior ::run [ RunTime:0.013896s ]
INFO: [ route_check ] --END-- [ RunTime:0.014073s ]
INFO: [ app_begin ] --START--
INFO: ReadHtmlCache Behavior ::run [ RunTime:0.049901s ]
INFO: [ app_begin ] --END-- [ RunTime:0.050066s ]
NOTIC: [8] Constant THEME_NAME already defined C:\Program Files\xampps\htdocs\php\app\Lib\Core\View.class.php 第 223 行.
NOTIC: [8] Constant THEME_PATH already defined C:\Program Files\xampps\htdocs\php\app\Lib\Core\View.class.php 第 174 行.
NOTIC: [8] Constant APP_TMPL_PATH already defined C:\Program Files\xampps\htdocs\php\app\Lib\Core\View.class.php 第 175 行.
INFO: [ view_parse ] --START--
INFO: ParseTemplate Behavior ::run [ RunTime:0.118293s ]
INFO: [ view_parse ] --END-- [ RunTime:0.118438s ]
INFO: [ view_filter ] --START--
INFO: ContentReplace Behavior ::run [ RunTime:0.038409s ]
INFO: TokenBuild Behavior ::run [ RunTime:0.019236s ]
INFO: WriteHtmlCache Behavior ::run [ RunTime:0.026425s ]
INFO: ShowRuntime Behavior ::run [ RunTime:0.025542s ]
INFO: [ view_filter ] --END-- [ RunTime:0.110096s ]
INFO: [ view_end ] --START--
INFO: ShowPageTrace Behavior ::run [ RunTime:0.024641s ]
INFO: [ view_end ] --END-- [ RunTime:0.024794s ]

[ 2014-08-21T10:57:45+08:00 ] 127.0.0.1 /php/app/index.php/Form/my.css
INFO: [ route_check ] --START--
INFO: CheckRoute Behavior ::run [ RunTime:0.012874s ]
INFO: [ route_check ] --END-- [ RunTime:0.013023s ]
INFO: [ app_begin ] --START--
INFO: ReadHtmlCache Behavior ::run [ RunTime:0.012323s ]
INFO: [ app_begin ] --END-- [ RunTime:0.012489s ]
ERR: 非法操作:my.css

[ 2014-08-21T10:57:50+08:00 ] 127.0.0.1 /php/app/index.php/Form/insert
INFO: [ route_check ] --START--
INFO: CheckRoute Behavior ::run [ RunTime:0.015171s ]
INFO: [ route_check ] --END-- [ RunTime:0.015427s ]
INFO: [ app_begin ] --START--
INFO: ReadHtmlCache Behavior ::run [ RunTime:0.014588s ]
INFO: [ app_begin ] --END-- [ RunTime:0.014776s ]
ERR: 非法操作:insert

[ 2014-08-21T11:05:26+08:00 ] 127.0.0.1 /php/app/index.php/Form/add
INFO: [ route_check ] --START--
INFO: CheckRoute Behavior ::run [ RunTime:0.012537s ]
INFO: [ route_check ] --END-- [ RunTime:0.012690s ]
INFO: [ app_begin ] --START--
INFO: ReadHtmlCache Behavior ::run [ RunTime:0.013053s ]
INFO: [ app_begin ] --END-- [ RunTime:0.013193s ]
NOTIC: [8] Constant THEME_NAME already defined C:\Program Files\xampps\htdocs\php\app\Lib\Core\View.class.php 第 223 行.
NOTIC: [8] Constant THEME_PATH already defined C:\Program Files\xampps\htdocs\php\app\Lib\Core\View.class.php 第 174 行.
NOTIC: [8] Constant APP_TMPL_PATH already defined C:\Program Files\xampps\htdocs\php\app\Lib\Core\View.class.php 第 175 行.
INFO: [ view_parse ] --START--
INFO: ParseTemplate Behavior ::run [ RunTime:0.078702s ]
INFO: [ view_parse ] --END-- [ RunTime:0.078869s ]
INFO: [ view_filter ] --START--
INFO: ContentReplace Behavior ::run [ RunTime:0.012367s ]
INFO: TokenBuild Behavior ::run [ RunTime:0.011518s ]
INFO: WriteHtmlCache Behavior ::run [ RunTime:0.011558s ]
INFO: ShowRuntime Behavior ::run [ RunTime:0.012165s ]
INFO: [ view_filter ] --END-- [ RunTime:0.047947s ]
INFO: [ view_end ] --START--
INFO: ShowPageTrace Behavior ::run [ RunTime:0.011964s ]
INFO: [ view_end ] --END-- [ RunTime:0.012075s ]

[ 2014-08-21T11:05:26+08:00 ] 127.0.0.1 /php/app/index.php/Form/my.css
INFO: [ route_check ] --START--
INFO: CheckRoute Behavior ::run [ RunTime:0.012097s ]
INFO: [ route_check ] --END-- [ RunTime:0.012244s ]
INFO: [ app_begin ] --START--
INFO: ReadHtmlCache Behavior ::run [ RunTime:0.014404s ]
INFO: [ app_begin ] --END-- [ RunTime:0.014550s ]
ERR: 非法操作:my.css

[ 2014-08-21T11:05:30+08:00 ] 127.0.0.1 /php/app/index.php/Form/insert
INFO: [ route_check ] --START--
INFO: CheckRoute Behavior ::run [ RunTime:0.013058s ]
INFO: [ route_check ] --END-- [ RunTime:0.013205s ]
INFO: [ app_begin ] --START--
INFO: ReadHtmlCache Behavior ::run [ RunTime:0.013953s ]
INFO: [ app_begin ] --END-- [ RunTime:0.014080s ]
SQL: SHOW COLUMNS FROM `think_form` [ RunTime:0.013156s ]
ERR: 1146:Table 'phpmyadmin.think_form' doesn't exist
 [ SQL语句 ] : SHOW COLUMNS FROM `think_form`
INFO: [ view_parse ] --START--
INFO: ParseTemplate Behavior ::run [ RunTime:0.115873s ]
INFO: [ view_parse ] --END-- [ RunTime:0.116071s ]
INFO: [ view_filter ] --START--
INFO: ContentReplace Behavior ::run [ RunTime:0.014126s ]
INFO: TokenBuild Behavior ::run [ RunTime:0.012104s ]
INFO: WriteHtmlCache Behavior ::run [ RunTime:0.011408s ]
INFO: ShowRuntime Behavior ::run [ RunTime:0.011935s ]
INFO: [ view_filter ] --END-- [ RunTime:0.049926s ]
INFO: [ view_end ] --START--
INFO: ShowPageTrace Behavior ::run [ RunTime:0.013219s ]
INFO: [ view_end ] --END-- [ RunTime:0.013369s ]

[ 2014-08-21T11:05:38+08:00 ] 127.0.0.1 /php/app/index.php/Form/insert
INFO: [ route_check ] --START--
INFO: CheckRoute Behavior ::run [ RunTime:0.014106s ]
INFO: [ route_check ] --END-- [ RunTime:0.014259s ]
INFO: [ app_begin ] --START--
INFO: ReadHtmlCache Behavior ::run [ RunTime:0.013574s ]
INFO: [ app_begin ] --END-- [ RunTime:0.013736s ]
SQL: SHOW COLUMNS FROM `think_form` [ RunTime:0.002527s ]
ERR: 1146:Table 'phpmyadmin.think_form' doesn't exist
 [ SQL语句 ] : SHOW COLUMNS FROM `think_form`
NOTIC: [2] in_array() [<a href='function.in-array'>function.in-array</a>]: Wrong datatype for second argument C:\Program Files\xampps\htdocs\php\app\Lib\Core\Model.class.php 第 821 行.
NOTIC: [2] in_array() [<a href='function.in-array'>function.in-array</a>]: Wrong datatype for second argument C:\Program Files\xampps\htdocs\php\app\Lib\Core\Model.class.php 第 821 行.
SQL: INSERT INTO `think_form` (`create_time`) VALUES (1408590338) [ RunTime:0.000599s ]
ERR: 1146:Table 'phpmyadmin.think_form' doesn't exist
 [ SQL语句 ] : INSERT INTO `think_form` (`create_time`) VALUES (1408590338)
INFO: [ view_parse ] --START--
INFO: ParseTemplate Behavior ::run [ RunTime:0.091231s ]
INFO: [ view_parse ] --END-- [ RunTime:0.091455s ]
INFO: [ view_filter ] --START--
INFO: ContentReplace Behavior ::run [ RunTime:0.013928s ]
INFO: TokenBuild Behavior ::run [ RunTime:0.012472s ]
INFO: WriteHtmlCache Behavior ::run [ RunTime:0.012833s ]
INFO: ShowRuntime Behavior ::run [ RunTime:0.011790s ]
INFO: [ view_filter ] --END-- [ RunTime:0.051441s ]
INFO: [ view_end ] --START--
INFO: ShowPageTrace Behavior ::run [ RunTime:0.012235s ]
INFO: [ view_end ] --END-- [ RunTime:0.012352s ]

[ 2014-08-21T11:05:44+08:00 ] 127.0.0.1 /php/app/index.php/Form/insert
INFO: [ route_check ] --START--
INFO: CheckRoute Behavior ::run [ RunTime:0.012553s ]
INFO: [ route_check ] --END-- [ RunTime:0.012715s ]
INFO: [ app_begin ] --START--
INFO: ReadHtmlCache Behavior ::run [ RunTime:0.014132s ]
INFO: [ app_begin ] --END-- [ RunTime:0.014327s ]
SQL: SHOW COLUMNS FROM `think_form` [ RunTime:0.002215s ]
ERR: 1146:Table 'phpmyadmin.think_form' doesn't exist
 [ SQL语句 ] : SHOW COLUMNS FROM `think_form`
NOTIC: [2] in_array() [<a href='function.in-array'>function.in-array</a>]: Wrong datatype for second argument C:\Program Files\xampps\htdocs\php\app\Lib\Core\Model.class.php 第 821 行.
NOTIC: [2] in_array() [<a href='function.in-array'>function.in-array</a>]: Wrong datatype for second argument C:\Program Files\xampps\htdocs\php\app\Lib\Core\Model.class.php 第 821 行.
SQL: INSERT INTO `think_form` (`create_time`) VALUES (1408590344) [ RunTime:0.000538s ]
ERR: 1146:Table 'phpmyadmin.think_form' doesn't exist
 [ SQL语句 ] : INSERT INTO `think_form` (`create_time`) VALUES (1408590344)
INFO: [ view_parse ] --START--
INFO: ParseTemplate Behavior ::run [ RunTime:0.076060s ]
INFO: [ view_parse ] --END-- [ RunTime:0.076209s ]
INFO: [ view_filter ] --START--
INFO: ContentReplace Behavior ::run [ RunTime:0.011937s ]
INFO: TokenBuild Behavior ::run [ RunTime:0.011333s ]
INFO: WriteHtmlCache Behavior ::run [ RunTime:0.013817s ]
INFO: ShowRuntime Behavior ::run [ RunTime:0.013563s ]
INFO: [ view_filter ] --END-- [ RunTime:0.051040s ]
INFO: [ view_end ] --START--
INFO: ShowPageTrace Behavior ::run [ RunTime:0.014733s ]
INFO: [ view_end ] --END-- [ RunTime:0.014858s ]

[ 2014-08-21T11:05:50+08:00 ] 127.0.0.1 /php/app/index.php/Form/insert
INFO: [ route_check ] --START--
INFO: CheckRoute Behavior ::run [ RunTime:0.012868s ]
INFO: [ route_check ] --END-- [ RunTime:0.013049s ]
INFO: [ app_begin ] --START--
INFO: ReadHtmlCache Behavior ::run [ RunTime:0.017666s ]
INFO: [ app_begin ] --END-- [ RunTime:0.017862s ]
SQL: SHOW COLUMNS FROM `think_form` [ RunTime:0.002629s ]
ERR: 1146:Table 'phpmyadmin.think_form' doesn't exist
 [ SQL语句 ] : SHOW COLUMNS FROM `think_form`
NOTIC: [2] in_array() [<a href='function.in-array'>function.in-array</a>]: Wrong datatype for second argument C:\Program Files\xampps\htdocs\php\app\Lib\Core\Model.class.php 第 821 行.
NOTIC: [2] in_array() [<a href='function.in-array'>function.in-array</a>]: Wrong datatype for second argument C:\Program Files\xampps\htdocs\php\app\Lib\Core\Model.class.php 第 821 行.
SQL: INSERT INTO `think_form` (`create_time`) VALUES (1408590350) [ RunTime:0.000563s ]
ERR: 1146:Table 'phpmyadmin.think_form' doesn't exist
 [ SQL语句 ] : INSERT INTO `think_form` (`create_time`) VALUES (1408590350)
INFO: [ view_parse ] --START--
INFO: ParseTemplate Behavior ::run [ RunTime:0.078881s ]
INFO: [ view_parse ] --END-- [ RunTime:0.079135s ]
INFO: [ view_filter ] --START--
INFO: ContentReplace Behavior ::run [ RunTime:0.012645s ]
INFO: TokenBuild Behavior ::run [ RunTime:0.011846s ]
INFO: WriteHtmlCache Behavior ::run [ RunTime:0.013690s ]
INFO: ShowRuntime Behavior ::run [ RunTime:0.011709s ]
INFO: [ view_filter ] --END-- [ RunTime:0.050268s ]
INFO: [ view_end ] --START--
INFO: ShowPageTrace Behavior ::run [ RunTime:0.012115s ]
INFO: [ view_end ] --END-- [ RunTime:0.012231s ]

[ 2014-08-21T11:08:21+08:00 ] 127.0.0.1 /php/app/index.php
INFO: [ app_begin ] --START--
INFO: ReadHtmlCache Behavior ::run [ RunTime:0.011918s ]
INFO: [ app_begin ] --END-- [ RunTime:0.012085s ]
SQL: SHOW COLUMNS FROM `think_data` [ RunTime:0.034241s ]
SQL: SELECT * FROM `think_data`  [ RunTime:0.000526s ]
INFO: [ view_parse ] --START--
INFO: ParseTemplate Behavior ::run [ RunTime:0.092618s ]
INFO: [ view_parse ] --END-- [ RunTime:0.092814s ]
INFO: [ view_filter ] --START--
INFO: ContentReplace Behavior ::run [ RunTime:0.014410s ]
INFO: TokenBuild Behavior ::run [ RunTime:0.013645s ]
INFO: WriteHtmlCache Behavior ::run [ RunTime:0.011081s ]
INFO: ShowRuntime Behavior ::run [ RunTime:0.012914s ]
INFO: [ view_filter ] --END-- [ RunTime:0.052409s ]
INFO: [ view_end ] --START--
INFO: ShowPageTrace Behavior ::run [ RunTime:0.012906s ]
INFO: [ view_end ] --END-- [ RunTime:0.013025s ]

[ 2014-08-21T11:08:26+08:00 ] 127.0.0.1 /php/app/index.php
INFO: [ app_begin ] --START--
INFO: ReadHtmlCache Behavior ::run [ RunTime:0.015854s ]
INFO: [ app_begin ] --END-- [ RunTime:0.016046s ]
SQL: SHOW COLUMNS FROM `think_data` [ RunTime:0.002762s ]
SQL: SELECT * FROM `think_data`  [ RunTime:0.000518s ]
INFO: [ view_parse ] --START--
INFO: ParseTemplate Behavior ::run [ RunTime:0.079912s ]
INFO: [ view_parse ] --END-- [ RunTime:0.080085s ]
INFO: [ view_filter ] --START--
INFO: ContentReplace Behavior ::run [ RunTime:0.012544s ]
INFO: TokenBuild Behavior ::run [ RunTime:0.013715s ]
INFO: WriteHtmlCache Behavior ::run [ RunTime:0.011777s ]
INFO: ShowRuntime Behavior ::run [ RunTime:0.014326s ]
INFO: [ view_filter ] --END-- [ RunTime:0.052757s ]
INFO: [ view_end ] --START--
INFO: ShowPageTrace Behavior ::run [ RunTime:0.014450s ]
INFO: [ view_end ] --END-- [ RunTime:0.014599s ]

[ 2014-08-21T11:10:02+08:00 ] 127.0.0.1 /php/app/index.php/Form/add
INFO: [ route_check ] --START--
INFO: CheckRoute Behavior ::run [ RunTime:0.012383s ]
INFO: [ route_check ] --END-- [ RunTime:0.012530s ]
INFO: [ app_begin ] --START--
INFO: ReadHtmlCache Behavior ::run [ RunTime:0.012106s ]
INFO: [ app_begin ] --END-- [ RunTime:0.012232s ]
NOTIC: [8] Constant THEME_NAME already defined C:\Program Files\xampps\htdocs\php\app\Lib\Core\View.class.php 第 223 行.
NOTIC: [8] Constant THEME_PATH already defined C:\Program Files\xampps\htdocs\php\app\Lib\Core\View.class.php 第 174 行.
NOTIC: [8] Constant APP_TMPL_PATH already defined C:\Program Files\xampps\htdocs\php\app\Lib\Core\View.class.php 第 175 行.
INFO: [ view_parse ] --START--
INFO: ParseTemplate Behavior ::run [ RunTime:0.078745s ]
INFO: [ view_parse ] --END-- [ RunTime:0.078924s ]
INFO: [ view_filter ] --START--
INFO: ContentReplace Behavior ::run [ RunTime:0.013592s ]
INFO: TokenBuild Behavior ::run [ RunTime:0.011708s ]
INFO: WriteHtmlCache Behavior ::run [ RunTime:0.012040s ]
INFO: ShowRuntime Behavior ::run [ RunTime:0.012422s ]
INFO: [ view_filter ] --END-- [ RunTime:0.050122s ]
INFO: [ view_end ] --START--
INFO: ShowPageTrace Behavior ::run [ RunTime:0.011891s ]
INFO: [ view_end ] --END-- [ RunTime:0.012012s ]

[ 2014-08-21T11:10:03+08:00 ] 127.0.0.1 /php/app/index.php/Form/my.css
INFO: [ route_check ] --START--
INFO: CheckRoute Behavior ::run [ RunTime:0.012266s ]
INFO: [ route_check ] --END-- [ RunTime:0.012418s ]
INFO: [ app_begin ] --START--
INFO: ReadHtmlCache Behavior ::run [ RunTime:0.015701s ]
INFO: [ app_begin ] --END-- [ RunTime:0.015892s ]
ERR: 非法操作:my.css

[ 2014-08-21T11:10:06+08:00 ] 127.0.0.1 /php/app/index.php/Form/insert
INFO: [ route_check ] --START--
INFO: CheckRoute Behavior ::run [ RunTime:0.013162s ]
INFO: [ route_check ] --END-- [ RunTime:0.013313s ]
INFO: [ app_begin ] --START--
INFO: ReadHtmlCache Behavior ::run [ RunTime:0.012553s ]
INFO: [ app_begin ] --END-- [ RunTime:0.012685s ]
SQL: SHOW COLUMNS FROM `think_form` [ RunTime:0.002290s ]
SQL: INSERT INTO `think_form` (`title`,`content`,`create_time`) VALUES ('dd','dddd',1408590606) [ RunTime:0.000488s ]
INFO: [ view_parse ] --START--
INFO: ParseTemplate Behavior ::run [ RunTime:0.077944s ]
INFO: [ view_parse ] --END-- [ RunTime:0.078112s ]
INFO: [ view_filter ] --START--
INFO: ContentReplace Behavior ::run [ RunTime:0.012780s ]
INFO: TokenBuild Behavior ::run [ RunTime:0.012458s ]
INFO: WriteHtmlCache Behavior ::run [ RunTime:0.014101s ]
INFO: ShowRuntime Behavior ::run [ RunTime:0.012249s ]
INFO: [ view_filter ] --END-- [ RunTime:0.051987s ]
INFO: [ view_end ] --START--
INFO: ShowPageTrace Behavior ::run [ RunTime:0.012082s ]
INFO: [ view_end ] --END-- [ RunTime:0.012205s ]

[ 2014-08-21T11:10:08+08:00 ] 127.0.0.1 /php/app/index.php/Form/add
INFO: [ route_check ] --START--
INFO: CheckRoute Behavior ::run [ RunTime:0.012819s ]
INFO: [ route_check ] --END-- [ RunTime:0.012964s ]
INFO: [ app_begin ] --START--
INFO: ReadHtmlCache Behavior ::run [ RunTime:0.015689s ]
INFO: [ app_begin ] --END-- [ RunTime:0.015874s ]
NOTIC: [8] Constant THEME_NAME already defined C:\Program Files\xampps\htdocs\php\app\Lib\Core\View.class.php 第 223 行.
NOTIC: [8] Constant THEME_PATH already defined C:\Program Files\xampps\htdocs\php\app\Lib\Core\View.class.php 第 174 行.
NOTIC: [8] Constant APP_TMPL_PATH already defined C:\Program Files\xampps\htdocs\php\app\Lib\Core\View.class.php 第 175 行.
INFO: [ view_parse ] --START--
INFO: ParseTemplate Behavior ::run [ RunTime:0.093003s ]
INFO: [ view_parse ] --END-- [ RunTime:0.093186s ]
INFO: [ view_filter ] --START--
INFO: ContentReplace Behavior ::run [ RunTime:0.014864s ]
INFO: TokenBuild Behavior ::run [ RunTime:0.014275s ]
INFO: WriteHtmlCache Behavior ::run [ RunTime:0.016444s ]
INFO: ShowRuntime Behavior ::run [ RunTime:0.016920s ]
INFO: [ view_filter ] --END-- [ RunTime:0.062983s ]
INFO: [ view_end ] --START--
INFO: ShowPageTrace Behavior ::run [ RunTime:0.016952s ]
INFO: [ view_end ] --END-- [ RunTime:0.017099s ]

[ 2014-08-21T11:10:08+08:00 ] 127.0.0.1 /php/app/index.php/Form/my.css
INFO: [ route_check ] --START--
INFO: CheckRoute Behavior ::run [ RunTime:0.014226s ]
INFO: [ route_check ] --END-- [ RunTime:0.014387s ]
INFO: [ app_begin ] --START--
INFO: ReadHtmlCache Behavior ::run [ RunTime:0.015283s ]
INFO: [ app_begin ] --END-- [ RunTime:0.015467s ]
ERR: 非法操作:my.css

[ 2014-08-21T11:10:30+08:00 ] 127.0.0.1 /php/app/index.php/Form/insert
INFO: [ route_check ] --START--
INFO: CheckRoute Behavior ::run [ RunTime:0.012750s ]
INFO: [ route_check ] --END-- [ RunTime:0.012894s ]
INFO: [ app_begin ] --START--
INFO: ReadHtmlCache Behavior ::run [ RunTime:0.012685s ]
INFO: [ app_begin ] --END-- [ RunTime:0.012814s ]
SQL: SHOW COLUMNS FROM `think_form` [ RunTime:0.004529s ]
SQL: INSERT INTO `think_form` (`title`,`content`,`create_time`) VALUES ('dddd','ddddddddddddd',1408590630) [ RunTime:0.000901s ]
INFO: [ view_parse ] --START--
INFO: ParseTemplate Behavior ::run [ RunTime:0.100805s ]
INFO: [ view_parse ] --END-- [ RunTime:0.100996s ]
INFO: [ view_filter ] --START--
INFO: ContentReplace Behavior ::run [ RunTime:0.011993s ]
INFO: TokenBuild Behavior ::run [ RunTime:0.011675s ]
INFO: WriteHtmlCache Behavior ::run [ RunTime:0.011501s ]
INFO: ShowRuntime Behavior ::run [ RunTime:0.012159s ]
INFO: [ view_filter ] --END-- [ RunTime:0.047680s ]
INFO: [ view_end ] --START--
INFO: ShowPageTrace Behavior ::run [ RunTime:0.013758s ]
INFO: [ view_end ] --END-- [ RunTime:0.013884s ]

[ 2014-08-21T11:10:31+08:00 ] 127.0.0.1 /php/app/index.php/Form/add
INFO: [ route_check ] --START--
INFO: CheckRoute Behavior ::run [ RunTime:0.013925s ]
INFO: [ route_check ] --END-- [ RunTime:0.014075s ]
INFO: [ app_begin ] --START--
INFO: ReadHtmlCache Behavior ::run [ RunTime:0.012270s ]
INFO: [ app_begin ] --END-- [ RunTime:0.012398s ]
NOTIC: [8] Constant THEME_NAME already defined C:\Program Files\xampps\htdocs\php\app\Lib\Core\View.class.php 第 223 行.
NOTIC: [8] Constant THEME_PATH already defined C:\Program Files\xampps\htdocs\php\app\Lib\Core\View.class.php 第 174 行.
NOTIC: [8] Constant APP_TMPL_PATH already defined C:\Program Files\xampps\htdocs\php\app\Lib\Core\View.class.php 第 175 行.
INFO: [ view_parse ] --START--
INFO: ParseTemplate Behavior ::run [ RunTime:0.105509s ]
INFO: [ view_parse ] --END-- [ RunTime:0.105690s ]
INFO: [ view_filter ] --START--
INFO: ContentReplace Behavior ::run [ RunTime:0.012565s ]
INFO: TokenBuild Behavior ::run [ RunTime:0.013122s ]
INFO: WriteHtmlCache Behavior ::run [ RunTime:0.012931s ]
INFO: ShowRuntime Behavior ::run [ RunTime:0.011622s ]
INFO: [ view_filter ] --END-- [ RunTime:0.050664s ]
INFO: [ view_end ] --START--
INFO: ShowPageTrace Behavior ::run [ RunTime:0.012293s ]
INFO: [ view_end ] --END-- [ RunTime:0.012439s ]

[ 2014-08-21T11:10:32+08:00 ] 127.0.0.1 /php/app/index.php/Form/my.css
INFO: [ route_check ] --START--
INFO: CheckRoute Behavior ::run [ RunTime:0.014519s ]
INFO: [ route_check ] --END-- [ RunTime:0.014674s ]
INFO: [ app_begin ] --START--
INFO: ReadHtmlCache Behavior ::run [ RunTime:0.013304s ]
INFO: [ app_begin ] --END-- [ RunTime:0.013432s ]
ERR: 非法操作:my.css

[ 2014-08-21T11:34:35+08:00 ] 127.0.0.1 /php/app/index.php/Form/add
INFO: [ route_check ] --START--
INFO: CheckRoute Behavior ::run [ RunTime:0.017294s ]
INFO: [ route_check ] --END-- [ RunTime:0.017505s ]
INFO: [ app_begin ] --START--
INFO: ReadHtmlCache Behavior ::run [ RunTime:0.016839s ]
INFO: [ app_begin ] --END-- [ RunTime:0.017044s ]
NOTIC: [8] Constant THEME_NAME already defined C:\Program Files\xampps\htdocs\php\app\Lib\Core\View.class.php 第 223 行.
NOTIC: [8] Constant THEME_PATH already defined C:\Program Files\xampps\htdocs\php\app\Lib\Core\View.class.php 第 174 行.
NOTIC: [8] Constant APP_TMPL_PATH already defined C:\Program Files\xampps\htdocs\php\app\Lib\Core\View.class.php 第 175 行.
INFO: [ view_parse ] --START--
INFO: ParseTemplate Behavior ::run [ RunTime:0.086903s ]
INFO: [ view_parse ] --END-- [ RunTime:0.087108s ]
INFO: [ view_filter ] --START--
INFO: ContentReplace Behavior ::run [ RunTime:0.011795s ]
INFO: TokenBuild Behavior ::run [ RunTime:0.012868s ]
INFO: WriteHtmlCache Behavior ::run [ RunTime:0.011404s ]
INFO: ShowRuntime Behavior ::run [ RunTime:0.011695s ]
INFO: [ view_filter ] --END-- [ RunTime:0.048123s ]
INFO: [ view_end ] --START--
INFO: ShowPageTrace Behavior ::run [ RunTime:0.012526s ]
INFO: [ view_end ] --END-- [ RunTime:0.012650s ]

[ 2014-08-21T11:34:35+08:00 ] 127.0.0.1 /php/app/index.php/Form/my.css
INFO: [ route_check ] --START--
INFO: CheckRoute Behavior ::run [ RunTime:0.012589s ]
INFO: [ route_check ] --END-- [ RunTime:0.012779s ]
INFO: [ app_begin ] --START--
INFO: ReadHtmlCache Behavior ::run [ RunTime:0.016662s ]
INFO: [ app_begin ] --END-- [ RunTime:0.016860s ]
ERR: 非法操作:my.css

[ 2014-08-21T11:34:42+08:00 ] 127.0.0.1 /php/app/index.php/Form/read
INFO: [ route_check ] --START--
INFO: CheckRoute Behavior ::run [ RunTime:0.014487s ]
INFO: [ route_check ] --END-- [ RunTime:0.014638s ]
INFO: [ app_begin ] --START--
INFO: ReadHtmlCache Behavior ::run [ RunTime:0.012865s ]
INFO: [ app_begin ] --END-- [ RunTime:0.013021s ]
SQL: SHOW COLUMNS FROM `think_form` [ RunTime:0.003544s ]
SQL: SELECT * FROM `think_form` WHERE ( `id` = 0 ) LIMIT 1   [ RunTime:0.000369s ]
INFO: [ view_parse ] --START--
INFO: ParseTemplate Behavior ::run [ RunTime:0.084090s ]
INFO: [ view_parse ] --END-- [ RunTime:0.084317s ]
INFO: [ view_filter ] --START--
INFO: ContentReplace Behavior ::run [ RunTime:0.016991s ]
INFO: TokenBuild Behavior ::run [ RunTime:0.016380s ]
INFO: WriteHtmlCache Behavior ::run [ RunTime:0.014801s ]
INFO: ShowRuntime Behavior ::run [ RunTime:0.013110s ]
INFO: [ view_filter ] --END-- [ RunTime:0.061745s ]
INFO: [ view_end ] --START--
INFO: ShowPageTrace Behavior ::run [ RunTime:0.012481s ]
INFO: [ view_end ] --END-- [ RunTime:0.012606s ]

[ 2014-08-21T11:35:33+08:00 ] 127.0.0.1 /php/app/index.php/Form/add/id/1
INFO: [ route_check ] --START--
INFO: CheckRoute Behavior ::run [ RunTime:0.013006s ]
INFO: [ route_check ] --END-- [ RunTime:0.013160s ]
INFO: [ app_begin ] --START--
INFO: ReadHtmlCache Behavior ::run [ RunTime:0.011895s ]
INFO: [ app_begin ] --END-- [ RunTime:0.012042s ]
NOTIC: [8] Constant THEME_NAME already defined C:\Program Files\xampps\htdocs\php\app\Lib\Core\View.class.php 第 223 行.
NOTIC: [8] Constant THEME_PATH already defined C:\Program Files\xampps\htdocs\php\app\Lib\Core\View.class.php 第 174 行.
NOTIC: [8] Constant APP_TMPL_PATH already defined C:\Program Files\xampps\htdocs\php\app\Lib\Core\View.class.php 第 175 行.
INFO: [ view_parse ] --START--
INFO: ParseTemplate Behavior ::run [ RunTime:0.083426s ]
INFO: [ view_parse ] --END-- [ RunTime:0.083587s ]
INFO: [ view_filter ] --START--
INFO: ContentReplace Behavior ::run [ RunTime:0.012817s ]
INFO: TokenBuild Behavior ::run [ RunTime:0.012293s ]
INFO: WriteHtmlCache Behavior ::run [ RunTime:0.011512s ]
INFO: ShowRuntime Behavior ::run [ RunTime:0.011569s ]
INFO: [ view_filter ] --END-- [ RunTime:0.048568s ]
INFO: [ view_end ] --START--
INFO: ShowPageTrace Behavior ::run [ RunTime:0.013915s ]
INFO: [ view_end ] --END-- [ RunTime:0.014137s ]

[ 2014-08-21T11:35:34+08:00 ] 127.0.0.1 /php/app/index.php/Form/add/id/my.css
INFO: [ route_check ] --START--
INFO: CheckRoute Behavior ::run [ RunTime:0.012334s ]
INFO: [ route_check ] --END-- [ RunTime:0.012481s ]
INFO: [ app_begin ] --START--
INFO: ReadHtmlCache Behavior ::run [ RunTime:0.013382s ]
INFO: [ app_begin ] --END-- [ RunTime:0.013539s ]
NOTIC: [8] Constant THEME_NAME already defined C:\Program Files\xampps\htdocs\php\app\Lib\Core\View.class.php 第 223 行.
NOTIC: [8] Constant THEME_PATH already defined C:\Program Files\xampps\htdocs\php\app\Lib\Core\View.class.php 第 174 行.
NOTIC: [8] Constant APP_TMPL_PATH already defined C:\Program Files\xampps\htdocs\php\app\Lib\Core\View.class.php 第 175 行.
INFO: [ view_parse ] --START--
INFO: ParseTemplate Behavior ::run [ RunTime:0.080978s ]
INFO: [ view_parse ] --END-- [ RunTime:0.081127s ]
INFO: [ view_filter ] --START--
INFO: ContentReplace Behavior ::run [ RunTime:0.011654s ]
INFO: TokenBuild Behavior ::run [ RunTime:0.011685s ]
INFO: WriteHtmlCache Behavior ::run [ RunTime:0.013019s ]
INFO: ShowRuntime Behavior ::run [ RunTime:0.012494s ]
INFO: [ view_filter ] --END-- [ RunTime:0.049214s ]
INFO: [ view_end ] --START--
INFO: ShowPageTrace Behavior ::run [ RunTime:0.012696s ]
INFO: [ view_end ] --END-- [ RunTime:0.012817s ]

[ 2014-08-21T11:35:38+08:00 ] 127.0.0.1 /php/app/index.php/Form/add/id/1
INFO: [ route_check ] --START--
INFO: CheckRoute Behavior ::run [ RunTime:0.011989s ]
INFO: [ route_check ] --END-- [ RunTime:0.012131s ]
INFO: [ app_begin ] --START--
INFO: ReadHtmlCache Behavior ::run [ RunTime:0.012412s ]
INFO: [ app_begin ] --END-- [ RunTime:0.012575s ]
NOTIC: [8] Constant THEME_NAME already defined C:\Program Files\xampps\htdocs\php\app\Lib\Core\View.class.php 第 223 行.
NOTIC: [8] Constant THEME_PATH already defined C:\Program Files\xampps\htdocs\php\app\Lib\Core\View.class.php 第 174 行.
NOTIC: [8] Constant APP_TMPL_PATH already defined C:\Program Files\xampps\htdocs\php\app\Lib\Core\View.class.php 第 175 行.
INFO: [ view_parse ] --START--
INFO: ParseTemplate Behavior ::run [ RunTime:0.080112s ]
INFO: [ view_parse ] --END-- [ RunTime:0.080260s ]
INFO: [ view_filter ] --START--
INFO: ContentReplace Behavior ::run [ RunTime:0.011677s ]
INFO: TokenBuild Behavior ::run [ RunTime:0.011630s ]
INFO: WriteHtmlCache Behavior ::run [ RunTime:0.013170s ]
INFO: ShowRuntime Behavior ::run [ RunTime:0.018047s ]
INFO: [ view_filter ] --END-- [ RunTime:0.054931s ]
INFO: [ view_end ] --START--
INFO: ShowPageTrace Behavior ::run [ RunTime:0.017520s ]
INFO: [ view_end ] --END-- [ RunTime:0.017688s ]

[ 2014-08-21T11:35:38+08:00 ] 127.0.0.1 /php/app/index.php/Form/add/id/my.css
INFO: [ route_check ] --START--
INFO: CheckRoute Behavior ::run [ RunTime:0.014251s ]
INFO: [ route_check ] --END-- [ RunTime:0.014401s ]
INFO: [ app_begin ] --START--
INFO: ReadHtmlCache Behavior ::run [ RunTime:0.012308s ]
INFO: [ app_begin ] --END-- [ RunTime:0.012487s ]
NOTIC: [8] Constant THEME_NAME already defined C:\Program Files\xampps\htdocs\php\app\Lib\Core\View.class.php 第 223 行.
NOTIC: [8] Constant THEME_PATH already defined C:\Program Files\xampps\htdocs\php\app\Lib\Core\View.class.php 第 174 行.
NOTIC: [8] Constant APP_TMPL_PATH already defined C:\Program Files\xampps\htdocs\php\app\Lib\Core\View.class.php 第 175 行.
INFO: [ view_parse ] --START--
INFO: ParseTemplate Behavior ::run [ RunTime:0.113175s ]
INFO: [ view_parse ] --END-- [ RunTime:0.113368s ]
INFO: [ view_filter ] --START--
INFO: ContentReplace Behavior ::run [ RunTime:0.012503s ]
INFO: TokenBuild Behavior ::run [ RunTime:0.012204s ]
INFO: WriteHtmlCache Behavior ::run [ RunTime:0.015935s ]
INFO: ShowRuntime Behavior ::run [ RunTime:0.014671s ]
INFO: [ view_filter ] --END-- [ RunTime:0.055735s ]
INFO: [ view_end ] --START--
INFO: ShowPageTrace Behavior ::run [ RunTime:0.018164s ]
INFO: [ view_end ] --END-- [ RunTime:0.018334s ]

[ 2014-08-21T11:39:41+08:00 ] 127.0.0.1 /php/app/index.php/Form/add/id/2
INFO: [ route_check ] --START--
INFO: CheckRoute Behavior ::run [ RunTime:0.013935s ]
INFO: [ route_check ] --END-- [ RunTime:0.014091s ]
INFO: [ app_begin ] --START--
INFO: ReadHtmlCache Behavior ::run [ RunTime:0.013065s ]
INFO: [ app_begin ] --END-- [ RunTime:0.013208s ]
NOTIC: [8] Constant THEME_NAME already defined C:\Program Files\xampps\htdocs\php\app\Lib\Core\View.class.php 第 223 行.
NOTIC: [8] Constant THEME_PATH already defined C:\Program Files\xampps\htdocs\php\app\Lib\Core\View.class.php 第 174 行.
NOTIC: [8] Constant APP_TMPL_PATH already defined C:\Program Files\xampps\htdocs\php\app\Lib\Core\View.class.php 第 175 行.
INFO: [ view_parse ] --START--
INFO: ParseTemplate Behavior ::run [ RunTime:0.084511s ]
INFO: [ view_parse ] --END-- [ RunTime:0.084728s ]
INFO: [ view_filter ] --START--
INFO: ContentReplace Behavior ::run [ RunTime:0.013577s ]
INFO: TokenBuild Behavior ::run [ RunTime:0.011796s ]
INFO: WriteHtmlCache Behavior ::run [ RunTime:0.012621s ]
INFO: ShowRuntime Behavior ::run [ RunTime:0.012693s ]
INFO: [ view_filter ] --END-- [ RunTime:0.051070s ]
INFO: [ view_end ] --START--
INFO: ShowPageTrace Behavior ::run [ RunTime:0.012577s ]
INFO: [ view_end ] --END-- [ RunTime:0.012697s ]

[ 2014-08-21T11:39:41+08:00 ] 127.0.0.1 /php/app/index.php/Form/add/id/my.css
INFO: [ route_check ] --START--
INFO: CheckRoute Behavior ::run [ RunTime:0.012578s ]
INFO: [ route_check ] --END-- [ RunTime:0.012727s ]
INFO: [ app_begin ] --START--
INFO: ReadHtmlCache Behavior ::run [ RunTime:0.013938s ]
INFO: [ app_begin ] --END-- [ RunTime:0.014078s ]
NOTIC: [8] Constant THEME_NAME already defined C:\Program Files\xampps\htdocs\php\app\Lib\Core\View.class.php 第 223 行.
NOTIC: [8] Constant THEME_PATH already defined C:\Program Files\xampps\htdocs\php\app\Lib\Core\View.class.php 第 174 行.
NOTIC: [8] Constant APP_TMPL_PATH already defined C:\Program Files\xampps\htdocs\php\app\Lib\Core\View.class.php 第 175 行.
INFO: [ view_parse ] --START--
INFO: ParseTemplate Behavior ::run [ RunTime:0.082691s ]
INFO: [ view_parse ] --END-- [ RunTime:0.082841s ]
INFO: [ view_filter ] --START--
INFO: ContentReplace Behavior ::run [ RunTime:0.011610s ]
INFO: TokenBuild Behavior ::run [ RunTime:0.011704s ]
INFO: WriteHtmlCache Behavior ::run [ RunTime:0.011237s ]
INFO: ShowRuntime Behavior ::run [ RunTime:0.012494s ]
INFO: [ view_filter ] --END-- [ RunTime:0.047394s ]
INFO: [ view_end ] --START--
INFO: ShowPageTrace Behavior ::run [ RunTime:0.012235s ]
INFO: [ view_end ] --END-- [ RunTime:0.012347s ]

[ 2014-08-21T11:39:46+08:00 ] 127.0.0.1 /php/app/index.php/Form/add/id/3
INFO: [ route_check ] --START--
INFO: CheckRoute Behavior ::run [ RunTime:0.012870s ]
INFO: [ route_check ] --END-- [ RunTime:0.013020s ]
INFO: [ app_begin ] --START--
INFO: ReadHtmlCache Behavior ::run [ RunTime:0.013228s ]
INFO: [ app_begin ] --END-- [ RunTime:0.013357s ]
NOTIC: [8] Constant THEME_NAME already defined C:\Program Files\xampps\htdocs\php\app\Lib\Core\View.class.php 第 223 行.
NOTIC: [8] Constant THEME_PATH already defined C:\Program Files\xampps\htdocs\php\app\Lib\Core\View.class.php 第 174 行.
NOTIC: [8] Constant APP_TMPL_PATH already defined C:\Program Files\xampps\htdocs\php\app\Lib\Core\View.class.php 第 175 行.
INFO: [ view_parse ] --START--
INFO: ParseTemplate Behavior ::run [ RunTime:0.096963s ]
INFO: [ view_parse ] --END-- [ RunTime:0.097157s ]
INFO: [ view_filter ] --START--
INFO: ContentReplace Behavior ::run [ RunTime:0.011878s ]
INFO: TokenBuild Behavior ::run [ RunTime:0.012503s ]
INFO: WriteHtmlCache Behavior ::run [ RunTime:0.013643s ]
INFO: ShowRuntime Behavior ::run [ RunTime:0.011605s ]
INFO: [ view_filter ] --END-- [ RunTime:0.049978s ]
INFO: [ view_end ] --START--
INFO: ShowPageTrace Behavior ::run [ RunTime:0.011991s ]
INFO: [ view_end ] --END-- [ RunTime:0.012123s ]

[ 2014-08-21T11:39:46+08:00 ] 127.0.0.1 /php/app/index.php/Form/add/id/my.css
INFO: [ route_check ] --START--
INFO: CheckRoute Behavior ::run [ RunTime:0.014249s ]
INFO: [ route_check ] --END-- [ RunTime:0.014399s ]
INFO: [ app_begin ] --START--
INFO: ReadHtmlCache Behavior ::run [ RunTime:0.012018s ]
INFO: [ app_begin ] --END-- [ RunTime:0.012164s ]
NOTIC: [8] Constant THEME_NAME already defined C:\Program Files\xampps\htdocs\php\app\Lib\Core\View.class.php 第 223 行.
NOTIC: [8] Constant THEME_PATH already defined C:\Program Files\xampps\htdocs\php\app\Lib\Core\View.class.php 第 174 行.
NOTIC: [8] Constant APP_TMPL_PATH already defined C:\Program Files\xampps\htdocs\php\app\Lib\Core\View.class.php 第 175 行.
INFO: [ view_parse ] --START--
INFO: ParseTemplate Behavior ::run [ RunTime:0.103025s ]
INFO: [ view_parse ] --END-- [ RunTime:0.103217s ]
INFO: [ view_filter ] --START--
INFO: ContentReplace Behavior ::run [ RunTime:0.012240s ]
INFO: TokenBuild Behavior ::run [ RunTime:0.012030s ]
INFO: WriteHtmlCache Behavior ::run [ RunTime:0.011501s ]
INFO: ShowRuntime Behavior ::run [ RunTime:0.012104s ]
INFO: [ view_filter ] --END-- [ RunTime:0.048256s ]
INFO: [ view_end ] --START--
INFO: ShowPageTrace Behavior ::run [ RunTime:0.013092s ]
INFO: [ view_end ] --END-- [ RunTime:0.013249s ]

[ 2014-08-21T11:39:50+08:00 ] 127.0.0.1 /php/app/index.php/Form/add/id/dd
INFO: [ route_check ] --START--
INFO: CheckRoute Behavior ::run [ RunTime:0.013162s ]
INFO: [ route_check ] --END-- [ RunTime:0.013317s ]
INFO: [ app_begin ] --START--
INFO: ReadHtmlCache Behavior ::run [ RunTime:0.015667s ]
INFO: [ app_begin ] --END-- [ RunTime:0.015854s ]
NOTIC: [8] Constant THEME_NAME already defined C:\Program Files\xampps\htdocs\php\app\Lib\Core\View.class.php 第 223 行.
NOTIC: [8] Constant THEME_PATH already defined C:\Program Files\xampps\htdocs\php\app\Lib\Core\View.class.php 第 174 行.
NOTIC: [8] Constant APP_TMPL_PATH already defined C:\Program Files\xampps\htdocs\php\app\Lib\Core\View.class.php 第 175 行.
INFO: [ view_parse ] --START--
INFO: ParseTemplate Behavior ::run [ RunTime:0.087181s ]
INFO: [ view_parse ] --END-- [ RunTime:0.087352s ]
INFO: [ view_filter ] --START--
INFO: ContentReplace Behavior ::run [ RunTime:0.013371s ]
INFO: TokenBuild Behavior ::run [ RunTime:0.012400s ]
INFO: WriteHtmlCache Behavior ::run [ RunTime:0.011738s ]
INFO: ShowRuntime Behavior ::run [ RunTime:0.011772s ]
INFO: [ view_filter ] --END-- [ RunTime:0.049655s ]
INFO: [ view_end ] --START--
INFO: ShowPageTrace Behavior ::run [ RunTime:0.012634s ]
INFO: [ view_end ] --END-- [ RunTime:0.012755s ]

[ 2014-08-21T11:39:51+08:00 ] 127.0.0.1 /php/app/index.php/Form/add/id/my.css
INFO: [ route_check ] --START--
INFO: CheckRoute Behavior ::run [ RunTime:0.013177s ]
INFO: [ route_check ] --END-- [ RunTime:0.013366s ]
INFO: [ app_begin ] --START--
INFO: ReadHtmlCache Behavior ::run [ RunTime:0.013775s ]
INFO: [ app_begin ] --END-- [ RunTime:0.013916s ]
NOTIC: [8] Constant THEME_NAME already defined C:\Program Files\xampps\htdocs\php\app\Lib\Core\View.class.php 第 223 行.
NOTIC: [8] Constant THEME_PATH already defined C:\Program Files\xampps\htdocs\php\app\Lib\Core\View.class.php 第 174 行.
NOTIC: [8] Constant APP_TMPL_PATH already defined C:\Program Files\xampps\htdocs\php\app\Lib\Core\View.class.php 第 175 行.
INFO: [ view_parse ] --START--
INFO: ParseTemplate Behavior ::run [ RunTime:0.110844s ]
INFO: [ view_parse ] --END-- [ RunTime:0.111054s ]
INFO: [ view_filter ] --START--
INFO: ContentReplace Behavior ::run [ RunTime:0.016245s ]
INFO: TokenBuild Behavior ::run [ RunTime:0.014761s ]
INFO: WriteHtmlCache Behavior ::run [ RunTime:0.017974s ]
INFO: ShowRuntime Behavior ::run [ RunTime:0.015995s ]
INFO: [ view_filter ] --END-- [ RunTime:0.065474s ]
INFO: [ view_end ] --START--
INFO: ShowPageTrace Behavior ::run [ RunTime:0.015549s ]
INFO: [ view_end ] --END-- [ RunTime:0.015702s ]

[ 2014-08-21T11:39:59+08:00 ] 127.0.0.1 /php/app/index.php/Form/insert
INFO: [ route_check ] --START--
INFO: CheckRoute Behavior ::run [ RunTime:0.013645s ]
INFO: [ route_check ] --END-- [ RunTime:0.013797s ]
INFO: [ app_begin ] --START--
INFO: ReadHtmlCache Behavior ::run [ RunTime:0.013507s ]
INFO: [ app_begin ] --END-- [ RunTime:0.013654s ]
SQL: SHOW COLUMNS FROM `think_form` [ RunTime:0.002949s ]
SQL: INSERT INTO `think_form` (`title`,`content`,`create_time`) VALUES ('1','wwww',1408592399) [ RunTime:0.001150s ]
INFO: [ view_parse ] --START--
INFO: ParseTemplate Behavior ::run [ RunTime:0.078557s ]
INFO: [ view_parse ] --END-- [ RunTime:0.078731s ]
INFO: [ view_filter ] --START--
INFO: ContentReplace Behavior ::run [ RunTime:0.014012s ]
INFO: TokenBuild Behavior ::run [ RunTime:0.012614s ]
INFO: WriteHtmlCache Behavior ::run [ RunTime:0.012142s ]
INFO: ShowRuntime Behavior ::run [ RunTime:0.011749s ]
INFO: [ view_filter ] --END-- [ RunTime:0.050987s ]
INFO: [ view_end ] --START--
INFO: ShowPageTrace Behavior ::run [ RunTime:0.011741s ]
INFO: [ view_end ] --END-- [ RunTime:0.011857s ]

[ 2014-08-21T11:40:00+08:00 ] 127.0.0.1 /php/app/index.php/Form/add/id/dd
INFO: [ route_check ] --START--
INFO: CheckRoute Behavior ::run [ RunTime:0.013239s ]
INFO: [ route_check ] --END-- [ RunTime:0.013386s ]
INFO: [ app_begin ] --START--
INFO: ReadHtmlCache Behavior ::run [ RunTime:0.012106s ]
INFO: [ app_begin ] --END-- [ RunTime:0.012253s ]
NOTIC: [8] Constant THEME_NAME already defined C:\Program Files\xampps\htdocs\php\app\Lib\Core\View.class.php 第 223 行.
NOTIC: [8] Constant THEME_PATH already defined C:\Program Files\xampps\htdocs\php\app\Lib\Core\View.class.php 第 174 行.
NOTIC: [8] Constant APP_TMPL_PATH already defined C:\Program Files\xampps\htdocs\php\app\Lib\Core\View.class.php 第 175 行.
INFO: [ view_parse ] --START--
INFO: ParseTemplate Behavior ::run [ RunTime:0.132462s ]
INFO: [ view_parse ] --END-- [ RunTime:0.132619s ]
INFO: [ view_filter ] --START--
INFO: ContentReplace Behavior ::run [ RunTime:0.012494s ]
INFO: TokenBuild Behavior ::run [ RunTime:0.013779s ]
INFO: WriteHtmlCache Behavior ::run [ RunTime:0.016093s ]
INFO: ShowRuntime Behavior ::run [ RunTime:0.015714s ]
INFO: [ view_filter ] --END-- [ RunTime:0.058519s ]
INFO: [ view_end ] --START--
INFO: ShowPageTrace Behavior ::run [ RunTime:0.015413s ]
INFO: [ view_end ] --END-- [ RunTime:0.015563s ]

[ 2014-08-21T11:40:01+08:00 ] 127.0.0.1 /php/app/index.php/Form/add/id/my.css
INFO: [ route_check ] --START--
INFO: CheckRoute Behavior ::run [ RunTime:0.013416s ]
INFO: [ route_check ] --END-- [ RunTime:0.013565s ]
INFO: [ app_begin ] --START--
INFO: ReadHtmlCache Behavior ::run [ RunTime:0.012724s ]
INFO: [ app_begin ] --END-- [ RunTime:0.012857s ]
NOTIC: [8] Constant THEME_NAME already defined C:\Program Files\xampps\htdocs\php\app\Lib\Core\View.class.php 第 223 行.
NOTIC: [8] Constant THEME_PATH already defined C:\Program Files\xampps\htdocs\php\app\Lib\Core\View.class.php 第 174 行.
NOTIC: [8] Constant APP_TMPL_PATH already defined C:\Program Files\xampps\htdocs\php\app\Lib\Core\View.class.php 第 175 行.
INFO: [ view_parse ] --START--
INFO: ParseTemplate Behavior ::run [ RunTime:0.081943s ]
INFO: [ view_parse ] --END-- [ RunTime:0.082091s ]
INFO: [ view_filter ] --START--
INFO: ContentReplace Behavior ::run [ RunTime:0.013128s ]
INFO: TokenBuild Behavior ::run [ RunTime:0.011812s ]
INFO: WriteHtmlCache Behavior ::run [ RunTime:0.011299s ]
INFO: ShowRuntime Behavior ::run [ RunTime:0.012728s ]
INFO: [ view_filter ] --END-- [ RunTime:0.049317s ]
INFO: [ view_end ] --START--
INFO: ShowPageTrace Behavior ::run [ RunTime:0.012394s ]
INFO: [ view_end ] --END-- [ RunTime:0.012542s ]

[ 2014-08-21T11:40:05+08:00 ] 127.0.0.1 /php/app/index.php/Form/add/id/1
INFO: [ route_check ] --START--
INFO: CheckRoute Behavior ::run [ RunTime:0.013420s ]
INFO: [ route_check ] --END-- [ RunTime:0.013596s ]
INFO: [ app_begin ] --START--
INFO: ReadHtmlCache Behavior ::run [ RunTime:0.013831s ]
INFO: [ app_begin ] --END-- [ RunTime:0.013999s ]
NOTIC: [8] Constant THEME_NAME already defined C:\Program Files\xampps\htdocs\php\app\Lib\Core\View.class.php 第 223 行.
NOTIC: [8] Constant THEME_PATH already defined C:\Program Files\xampps\htdocs\php\app\Lib\Core\View.class.php 第 174 行.
NOTIC: [8] Constant APP_TMPL_PATH already defined C:\Program Files\xampps\htdocs\php\app\Lib\Core\View.class.php 第 175 行.
INFO: [ view_parse ] --START--
INFO: ParseTemplate Behavior ::run [ RunTime:0.098593s ]
INFO: [ view_parse ] --END-- [ RunTime:0.098774s ]
INFO: [ view_filter ] --START--
INFO: ContentReplace Behavior ::run [ RunTime:0.013317s ]
INFO: TokenBuild Behavior ::run [ RunTime:0.011920s ]
INFO: WriteHtmlCache Behavior ::run [ RunTime:0.011982s ]
INFO: ShowRuntime Behavior ::run [ RunTime:0.011677s ]
INFO: [ view_filter ] --END-- [ RunTime:0.049249s ]
INFO: [ view_end ] --START--
INFO: ShowPageTrace Behavior ::run [ RunTime:0.013158s ]
INFO: [ view_end ] --END-- [ RunTime:0.013319s ]

[ 2014-08-21T11:40:05+08:00 ] 127.0.0.1 /php/app/index.php/Form/add/id/my.css
INFO: [ route_check ] --START--
INFO: CheckRoute Behavior ::run [ RunTime:0.012494s ]
INFO: [ route_check ] --END-- [ RunTime:0.012643s ]
INFO: [ app_begin ] --START--
INFO: ReadHtmlCache Behavior ::run [ RunTime:0.012928s ]
INFO: [ app_begin ] --END-- [ RunTime:0.013115s ]
NOTIC: [8] Constant THEME_NAME already defined C:\Program Files\xampps\htdocs\php\app\Lib\Core\View.class.php 第 223 行.
NOTIC: [8] Constant THEME_PATH already defined C:\Program Files\xampps\htdocs\php\app\Lib\Core\View.class.php 第 174 行.
NOTIC: [8] Constant APP_TMPL_PATH already defined C:\Program Files\xampps\htdocs\php\app\Lib\Core\View.class.php 第 175 行.
INFO: [ view_parse ] --START--
INFO: ParseTemplate Behavior ::run [ RunTime:0.091600s ]
INFO: [ view_parse ] --END-- [ RunTime:0.091772s ]
INFO: [ view_filter ] --START--
INFO: ContentReplace Behavior ::run [ RunTime:0.011421s ]
INFO: TokenBuild Behavior ::run [ RunTime:0.012339s ]
INFO: WriteHtmlCache Behavior ::run [ RunTime:0.011792s ]
INFO: ShowRuntime Behavior ::run [ RunTime:0.011633s ]
INFO: [ view_filter ] --END-- [ RunTime:0.047524s ]
INFO: [ view_end ] --START--
INFO: ShowPageTrace Behavior ::run [ RunTime:0.014116s ]
INFO: [ view_end ] --END-- [ RunTime:0.014237s ]

[ 2014-08-21T11:40:08+08:00 ] 127.0.0.1 /php/app/index.php/Form/add/id/1
INFO: [ route_check ] --START--
INFO: CheckRoute Behavior ::run [ RunTime:0.012478s ]
INFO: [ route_check ] --END-- [ RunTime:0.012626s ]
INFO: [ app_begin ] --START--
INFO: ReadHtmlCache Behavior ::run [ RunTime:0.013450s ]
INFO: [ app_begin ] --END-- [ RunTime:0.013628s ]
NOTIC: [8] Constant THEME_NAME already defined C:\Program Files\xampps\htdocs\php\app\Lib\Core\View.class.php 第 223 行.
NOTIC: [8] Constant THEME_PATH already defined C:\Program Files\xampps\htdocs\php\app\Lib\Core\View.class.php 第 174 行.
NOTIC: [8] Constant APP_TMPL_PATH already defined C:\Program Files\xampps\htdocs\php\app\Lib\Core\View.class.php 第 175 行.
INFO: [ view_parse ] --START--
INFO: ParseTemplate Behavior ::run [ RunTime:0.088465s ]
INFO: [ view_parse ] --END-- [ RunTime:0.088664s ]
INFO: [ view_filter ] --START--
INFO: ContentReplace Behavior ::run [ RunTime:0.016028s ]
INFO: TokenBuild Behavior ::run [ RunTime:0.014905s ]
INFO: WriteHtmlCache Behavior ::run [ RunTime:0.012421s ]
INFO: ShowRuntime Behavior ::run [ RunTime:0.012827s ]
INFO: [ view_filter ] --END-- [ RunTime:0.056606s ]
INFO: [ view_end ] --START--
INFO: ShowPageTrace Behavior ::run [ RunTime:0.012669s ]
INFO: [ view_end ] --END-- [ RunTime:0.012839s ]

[ 2014-08-21T11:40:08+08:00 ] 127.0.0.1 /php/app/index.php/Form/add/id/my.css
INFO: [ route_check ] --START--
INFO: CheckRoute Behavior ::run [ RunTime:0.014181s ]
INFO: [ route_check ] --END-- [ RunTime:0.014360s ]
INFO: [ app_begin ] --START--
INFO: ReadHtmlCache Behavior ::run [ RunTime:0.012965s ]
INFO: [ app_begin ] --END-- [ RunTime:0.013115s ]
NOTIC: [8] Constant THEME_NAME already defined C:\Program Files\xampps\htdocs\php\app\Lib\Core\View.class.php 第 223 行.
NOTIC: [8] Constant THEME_PATH already defined C:\Program Files\xampps\htdocs\php\app\Lib\Core\View.class.php 第 174 行.
NOTIC: [8] Constant APP_TMPL_PATH already defined C:\Program Files\xampps\htdocs\php\app\Lib\Core\View.class.php 第 175 行.
INFO: [ view_parse ] --START--
INFO: ParseTemplate Behavior ::run [ RunTime:0.084430s ]
INFO: [ view_parse ] --END-- [ RunTime:0.084635s ]
INFO: [ view_filter ] --START--
INFO: ContentReplace Behavior ::run [ RunTime:0.011773s ]
INFO: TokenBuild Behavior ::run [ RunTime:0.011526s ]
INFO: WriteHtmlCache Behavior ::run [ RunTime:0.011780s ]
INFO: ShowRuntime Behavior ::run [ RunTime:0.012697s ]
INFO: [ view_filter ] --END-- [ RunTime:0.048260s ]
INFO: [ view_end ] --START--
INFO: ShowPageTrace Behavior ::run [ RunTime:0.012950s ]
INFO: [ view_end ] --END-- [ RunTime:0.013071s ]

[ 2014-08-21T11:40:49+08:00 ] 127.0.0.1 /php/app/index.php/Form/add/id/2
INFO: [ route_check ] --START--
INFO: CheckRoute Behavior ::run [ RunTime:0.014537s ]
INFO: [ route_check ] --END-- [ RunTime:0.014719s ]
INFO: [ app_begin ] --START--
INFO: ReadHtmlCache Behavior ::run [ RunTime:0.012782s ]
INFO: [ app_begin ] --END-- [ RunTime:0.012953s ]
NOTIC: [8] Constant THEME_NAME already defined C:\Program Files\xampps\htdocs\php\app\Lib\Core\View.class.php 第 223 行.
NOTIC: [8] Constant THEME_PATH already defined C:\Program Files\xampps\htdocs\php\app\Lib\Core\View.class.php 第 174 行.
NOTIC: [8] Constant APP_TMPL_PATH already defined C:\Program Files\xampps\htdocs\php\app\Lib\Core\View.class.php 第 175 行.
INFO: [ view_parse ] --START--
INFO: ParseTemplate Behavior ::run [ RunTime:0.096202s ]
INFO: [ view_parse ] --END-- [ RunTime:0.096382s ]
INFO: [ view_filter ] --START--
INFO: ContentReplace Behavior ::run [ RunTime:0.012570s ]
INFO: TokenBuild Behavior ::run [ RunTime:0.011780s ]
INFO: WriteHtmlCache Behavior ::run [ RunTime:0.011332s ]
INFO: ShowRuntime Behavior ::run [ RunTime:0.011775s ]
INFO: [ view_filter ] --END-- [ RunTime:0.047869s ]
INFO: [ view_end ] --START--
INFO: ShowPageTrace Behavior ::run [ RunTime:0.013798s ]
INFO: [ view_end ] --END-- [ RunTime:0.013920s ]

[ 2014-08-21T11:40:50+08:00 ] 127.0.0.1 /php/app/index.php/Form/add/id/my.css
INFO: [ route_check ] --START--
INFO: CheckRoute Behavior ::run [ RunTime:0.014817s ]
INFO: [ route_check ] --END-- [ RunTime:0.014972s ]
INFO: [ app_begin ] --START--
INFO: ReadHtmlCache Behavior ::run [ RunTime:0.013210s ]
INFO: [ app_begin ] --END-- [ RunTime:0.013372s ]
NOTIC: [8] Constant THEME_NAME already defined C:\Program Files\xampps\htdocs\php\app\Lib\Core\View.class.php 第 223 行.
NOTIC: [8] Constant THEME_PATH already defined C:\Program Files\xampps\htdocs\php\app\Lib\Core\View.class.php 第 174 行.
NOTIC: [8] Constant APP_TMPL_PATH already defined C:\Program Files\xampps\htdocs\php\app\Lib\Core\View.class.php 第 175 行.
INFO: [ view_parse ] --START--
INFO: ParseTemplate Behavior ::run [ RunTime:0.078502s ]
INFO: [ view_parse ] --END-- [ RunTime:0.078667s ]
INFO: [ view_filter ] --START--
INFO: ContentReplace Behavior ::run [ RunTime:0.011864s ]
INFO: TokenBuild Behavior ::run [ RunTime:0.012723s ]
INFO: WriteHtmlCache Behavior ::run [ RunTime:0.012696s ]
INFO: ShowRuntime Behavior ::run [ RunTime:0.011764s ]
INFO: [ view_filter ] --END-- [ RunTime:0.049491s ]
INFO: [ view_end ] --START--
INFO: ShowPageTrace Behavior ::run [ RunTime:0.012004s ]
INFO: [ view_end ] --END-- [ RunTime:0.012120s ]

[ 2014-08-21T11:40:53+08:00 ] 127.0.0.1 /php/app/index.php/Form/add/id/3
INFO: [ route_check ] --START--
INFO: CheckRoute Behavior ::run [ RunTime:0.013189s ]
INFO: [ route_check ] --END-- [ RunTime:0.013345s ]
INFO: [ app_begin ] --START--
INFO: ReadHtmlCache Behavior ::run [ RunTime:0.013559s ]
INFO: [ app_begin ] --END-- [ RunTime:0.013721s ]
NOTIC: [8] Constant THEME_NAME already defined C:\Program Files\xampps\htdocs\php\app\Lib\Core\View.class.php 第 223 行.
NOTIC: [8] Constant THEME_PATH already defined C:\Program Files\xampps\htdocs\php\app\Lib\Core\View.class.php 第 174 行.
NOTIC: [8] Constant APP_TMPL_PATH already defined C:\Program Files\xampps\htdocs\php\app\Lib\Core\View.class.php 第 175 行.
INFO: [ view_parse ] --START--
INFO: ParseTemplate Behavior ::run [ RunTime:0.090785s ]
INFO: [ view_parse ] --END-- [ RunTime:0.090972s ]
INFO: [ view_filter ] --START--
INFO: ContentReplace Behavior ::run [ RunTime:0.013715s ]
INFO: TokenBuild Behavior ::run [ RunTime:0.015706s ]
INFO: WriteHtmlCache Behavior ::run [ RunTime:0.015099s ]
INFO: ShowRuntime Behavior ::run [ RunTime:0.013689s ]
INFO: [ view_filter ] --END-- [ RunTime:0.058707s ]
INFO: [ view_end ] --START--
INFO: ShowPageTrace Behavior ::run [ RunTime:0.013918s ]
INFO: [ view_end ] --END-- [ RunTime:0.014060s ]

[ 2014-08-21T11:40:53+08:00 ] 127.0.0.1 /php/app/index.php/Form/add/id/my.css
INFO: [ route_check ] --START--
INFO: CheckRoute Behavior ::run [ RunTime:0.013825s ]
INFO: [ route_check ] --END-- [ RunTime:0.014008s ]
INFO: [ app_begin ] --START--
INFO: ReadHtmlCache Behavior ::run [ RunTime:0.012150s ]
INFO: [ app_begin ] --END-- [ RunTime:0.012277s ]
NOTIC: [8] Constant THEME_NAME already defined C:\Program Files\xampps\htdocs\php\app\Lib\Core\View.class.php 第 223 行.
NOTIC: [8] Constant THEME_PATH already defined C:\Program Files\xampps\htdocs\php\app\Lib\Core\View.class.php 第 174 行.
NOTIC: [8] Constant APP_TMPL_PATH already defined C:\Program Files\xampps\htdocs\php\app\Lib\Core\View.class.php 第 175 行.
INFO: [ view_parse ] --START--
INFO: ParseTemplate Behavior ::run [ RunTime:0.081720s ]
INFO: [ view_parse ] --END-- [ RunTime:0.081866s ]
INFO: [ view_filter ] --START--
INFO: ContentReplace Behavior ::run [ RunTime:0.012080s ]
INFO: TokenBuild Behavior ::run [ RunTime:0.011935s ]
INFO: WriteHtmlCache Behavior ::run [ RunTime:0.012659s ]
INFO: ShowRuntime Behavior ::run [ RunTime:0.011754s ]
INFO: [ view_filter ] --END-- [ RunTime:0.048780s ]
INFO: [ view_end ] --START--
INFO: ShowPageTrace Behavior ::run [ RunTime:0.012841s ]
INFO: [ view_end ] --END-- [ RunTime:0.013001s ]

[ 2014-08-21T11:41:23+08:00 ] 127.0.0.1 /php/app/index.php/Form/read/id/3
INFO: [ route_check ] --START--
INFO: CheckRoute Behavior ::run [ RunTime:0.016654s ]
INFO: [ route_check ] --END-- [ RunTime:0.016813s ]
INFO: [ app_begin ] --START--
INFO: ReadHtmlCache Behavior ::run [ RunTime:0.013819s ]
INFO: [ app_begin ] --END-- [ RunTime:0.014019s ]
SQL: SHOW COLUMNS FROM `think_form` [ RunTime:0.003475s ]
SQL: SELECT * FROM `think_form` WHERE ( `id` = 3 ) LIMIT 1   [ RunTime:0.000377s ]
INFO: [ view_parse ] --START--
INFO: ParseTemplate Behavior ::run [ RunTime:0.100130s ]
INFO: [ view_parse ] --END-- [ RunTime:0.100289s ]
INFO: [ view_filter ] --START--
INFO: ContentReplace Behavior ::run [ RunTime:0.012245s ]
INFO: TokenBuild Behavior ::run [ RunTime:0.012982s ]
INFO: WriteHtmlCache Behavior ::run [ RunTime:0.011604s ]
INFO: ShowRuntime Behavior ::run [ RunTime:0.012735s ]
INFO: [ view_filter ] --END-- [ RunTime:0.049933s ]
INFO: [ view_end ] --START--
INFO: ShowPageTrace Behavior ::run [ RunTime:0.011706s ]
INFO: [ view_end ] --END-- [ RunTime:0.011814s ]

[ 2014-08-21T11:41:23+08:00 ] 127.0.0.1 /php/app/index.php/Form/read/id/my.css
INFO: [ route_check ] --START--
INFO: CheckRoute Behavior ::run [ RunTime:0.013066s ]
INFO: [ route_check ] --END-- [ RunTime:0.013240s ]
INFO: [ app_begin ] --START--
INFO: ReadHtmlCache Behavior ::run [ RunTime:0.012049s ]
INFO: [ app_begin ] --END-- [ RunTime:0.012193s ]
SQL: SHOW COLUMNS FROM `think_form` [ RunTime:0.002333s ]
SQL: SELECT * FROM `think_form` WHERE ( `id` = 0 ) LIMIT 1   [ RunTime:0.000490s ]
INFO: [ view_parse ] --START--
INFO: ParseTemplate Behavior ::run [ RunTime:0.078978s ]
INFO: [ view_parse ] --END-- [ RunTime:0.079163s ]
INFO: [ view_filter ] --START--
INFO: ContentReplace Behavior ::run [ RunTime:0.012829s ]
INFO: TokenBuild Behavior ::run [ RunTime:0.011415s ]
INFO: WriteHtmlCache Behavior ::run [ RunTime:0.012049s ]
INFO: ShowRuntime Behavior ::run [ RunTime:0.012221s ]
INFO: [ view_filter ] --END-- [ RunTime:0.048894s ]
INFO: [ view_end ] --START--
INFO: ShowPageTrace Behavior ::run [ RunTime:0.012440s ]
INFO: [ view_end ] --END-- [ RunTime:0.012561s ]

[ 2014-08-21T11:44:07+08:00 ] 127.0.0.1 /php/app/index.php/Form/edit/id/3
INFO: [ route_check ] --START--
INFO: CheckRoute Behavior ::run [ RunTime:0.013523s ]
INFO: [ route_check ] --END-- [ RunTime:0.013678s ]
INFO: [ app_begin ] --START--
INFO: ReadHtmlCache Behavior ::run [ RunTime:0.012554s ]
INFO: [ app_begin ] --END-- [ RunTime:0.012696s ]
SQL: SHOW COLUMNS FROM `think_form` [ RunTime:0.002268s ]
SQL: SELECT * FROM `think_form` WHERE ( `id` = 3 ) LIMIT 1   [ RunTime:0.000368s ]
INFO: [ view_parse ] --START--
INFO: ParseTemplate Behavior ::run [ RunTime:0.082039s ]
INFO: [ view_parse ] --END-- [ RunTime:0.082201s ]
INFO: [ view_filter ] --START--
INFO: ContentReplace Behavior ::run [ RunTime:0.013258s ]
INFO: TokenBuild Behavior ::run [ RunTime:0.013536s ]
INFO: WriteHtmlCache Behavior ::run [ RunTime:0.011844s ]
INFO: ShowRuntime Behavior ::run [ RunTime:0.013666s ]
INFO: [ view_filter ] --END-- [ RunTime:0.052670s ]
INFO: [ view_end ] --START--
INFO: ShowPageTrace Behavior ::run [ RunTime:0.012562s ]
INFO: [ view_end ] --END-- [ RunTime:0.012677s ]

[ 2014-08-21T11:44:08+08:00 ] 127.0.0.1 /php/app/index.php/Form/edit/id/my.css
INFO: [ route_check ] --START--
INFO: CheckRoute Behavior ::run [ RunTime:0.012350s ]
INFO: [ route_check ] --END-- [ RunTime:0.012494s ]
INFO: [ app_begin ] --START--
INFO: ReadHtmlCache Behavior ::run [ RunTime:0.012278s ]
INFO: [ app_begin ] --END-- [ RunTime:0.012432s ]
SQL: SHOW COLUMNS FROM `think_form` [ RunTime:0.002293s ]
SQL: SELECT * FROM `think_form` WHERE ( `id` = 0 ) LIMIT 1   [ RunTime:0.001635s ]
INFO: [ view_parse ] --START--
INFO: ParseTemplate Behavior ::run [ RunTime:0.084278s ]
INFO: [ view_parse ] --END-- [ RunTime:0.084441s ]
INFO: [ view_filter ] --START--
INFO: ContentReplace Behavior ::run [ RunTime:0.014980s ]
INFO: TokenBuild Behavior ::run [ RunTime:0.016229s ]
INFO: WriteHtmlCache Behavior ::run [ RunTime:0.015646s ]
INFO: ShowRuntime Behavior ::run [ RunTime:0.015887s ]
INFO: [ view_filter ] --END-- [ RunTime:0.063233s ]
INFO: [ view_end ] --START--
INFO: ShowPageTrace Behavior ::run [ RunTime:0.017433s ]
INFO: [ view_end ] --END-- [ RunTime:0.017749s ]

[ 2014-08-21T11:44:10+08:00 ] 127.0.0.1 /php/app/index.php/Form/update
INFO: [ route_check ] --START--
INFO: CheckRoute Behavior ::run [ RunTime:0.017207s ]
INFO: [ route_check ] --END-- [ RunTime:0.017398s ]
INFO: [ app_begin ] --START--
INFO: ReadHtmlCache Behavior ::run [ RunTime:0.015601s ]
INFO: [ app_begin ] --END-- [ RunTime:0.015757s ]
SQL: SHOW COLUMNS FROM `think_form` [ RunTime:0.002451s ]
SQL: UPDATE `think_form` SET `title`='1',`content`='wwww' WHERE ( `id` = 3 ) [ RunTime:0.115894s ]
INFO: [ view_parse ] --START--
INFO: ParseTemplate Behavior ::run [ RunTime:0.097439s ]
INFO: [ view_parse ] --END-- [ RunTime:0.097601s ]
INFO: [ view_filter ] --START--
INFO: ContentReplace Behavior ::run [ RunTime:0.012957s ]
INFO: TokenBuild Behavior ::run [ RunTime:0.012267s ]
INFO: WriteHtmlCache Behavior ::run [ RunTime:0.011622s ]
INFO: ShowRuntime Behavior ::run [ RunTime:0.012961s ]
INFO: [ view_filter ] --END-- [ RunTime:0.050236s ]
INFO: [ view_end ] --START--
INFO: ShowPageTrace Behavior ::run [ RunTime:0.012456s ]
INFO: [ view_end ] --END-- [ RunTime:0.012609s ]

[ 2014-08-21T11:44:21+08:00 ] 127.0.0.1 /php/app/index.php/Form/add/id/3
INFO: [ route_check ] --START--
INFO: CheckRoute Behavior ::run [ RunTime:0.012159s ]
INFO: [ route_check ] --END-- [ RunTime:0.012310s ]
INFO: [ app_begin ] --START--
INFO: ReadHtmlCache Behavior ::run [ RunTime:0.011777s ]
INFO: [ app_begin ] --END-- [ RunTime:0.011913s ]
NOTIC: [8] Constant THEME_NAME already defined C:\Program Files\xampps\htdocs\php\app\Lib\Core\View.class.php 第 223 行.
NOTIC: [8] Constant THEME_PATH already defined C:\Program Files\xampps\htdocs\php\app\Lib\Core\View.class.php 第 174 行.
NOTIC: [8] Constant APP_TMPL_PATH already defined C:\Program Files\xampps\htdocs\php\app\Lib\Core\View.class.php 第 175 行.
INFO: [ view_parse ] --START--
INFO: ParseTemplate Behavior ::run [ RunTime:0.079662s ]
INFO: [ view_parse ] --END-- [ RunTime:0.079814s ]
INFO: [ view_filter ] --START--
INFO: ContentReplace Behavior ::run [ RunTime:0.013600s ]
INFO: TokenBuild Behavior ::run [ RunTime:0.016168s ]
INFO: WriteHtmlCache Behavior ::run [ RunTime:0.014848s ]
INFO: ShowRuntime Behavior ::run [ RunTime:0.014790s ]
INFO: [ view_filter ] --END-- [ RunTime:0.059881s ]
INFO: [ view_end ] --START--
INFO: ShowPageTrace Behavior ::run [ RunTime:0.017212s ]
INFO: [ view_end ] --END-- [ RunTime:0.017390s ]

[ 2014-08-21T11:44:22+08:00 ] 127.0.0.1 /php/app/index.php/Form/add/id/my.css
INFO: [ route_check ] --START--
INFO: CheckRoute Behavior ::run [ RunTime:0.013208s ]
INFO: [ route_check ] --END-- [ RunTime:0.013383s ]
INFO: [ app_begin ] --START--
INFO: ReadHtmlCache Behavior ::run [ RunTime:0.014767s ]
INFO: [ app_begin ] --END-- [ RunTime:0.014968s ]
NOTIC: [8] Constant THEME_NAME already defined C:\Program Files\xampps\htdocs\php\app\Lib\Core\View.class.php 第 223 行.
NOTIC: [8] Constant THEME_PATH already defined C:\Program Files\xampps\htdocs\php\app\Lib\Core\View.class.php 第 174 行.
NOTIC: [8] Constant APP_TMPL_PATH already defined C:\Program Files\xampps\htdocs\php\app\Lib\Core\View.class.php 第 175 行.
INFO: [ view_parse ] --START--
INFO: ParseTemplate Behavior ::run [ RunTime:0.096898s ]
INFO: [ view_parse ] --END-- [ RunTime:0.097102s ]
INFO: [ view_filter ] --START--
INFO: ContentReplace Behavior ::run [ RunTime:0.015721s ]
INFO: TokenBuild Behavior ::run [ RunTime:0.014891s ]
INFO: WriteHtmlCache Behavior ::run [ RunTime:0.015717s ]
INFO: ShowRuntime Behavior ::run [ RunTime:0.011911s ]
INFO: [ view_filter ] --END-- [ RunTime:0.058670s ]
INFO: [ view_end ] --START--
INFO: ShowPageTrace Behavior ::run [ RunTime:0.013074s ]
INFO: [ view_end ] --END-- [ RunTime:0.013198s ]

[ 2014-08-21T11:44:25+08:00 ] 127.0.0.1 /php/app/index.php/Form/insert
INFO: [ route_check ] --START--
INFO: CheckRoute Behavior ::run [ RunTime:0.012859s ]
INFO: [ route_check ] --END-- [ RunTime:0.013025s ]
INFO: [ app_begin ] --START--
INFO: ReadHtmlCache Behavior ::run [ RunTime:0.016458s ]
INFO: [ app_begin ] --END-- [ RunTime:0.016627s ]
SQL: SHOW COLUMNS FROM `think_form` [ RunTime:0.002338s ]
SQL: INSERT INTO `think_form` (`title`,`content`,`create_time`) VALUES ('ddd','dddd',1408592665) [ RunTime:0.000534s ]
INFO: [ view_parse ] --START--
INFO: ParseTemplate Behavior ::run [ RunTime:0.078493s ]
INFO: [ view_parse ] --END-- [ RunTime:0.078659s ]
INFO: [ view_filter ] --START--
INFO: ContentReplace Behavior ::run [ RunTime:0.011392s ]
INFO: TokenBuild Behavior ::run [ RunTime:0.012453s ]
INFO: WriteHtmlCache Behavior ::run [ RunTime:0.012513s ]
INFO: ShowRuntime Behavior ::run [ RunTime:0.014500s ]
INFO: [ view_filter ] --END-- [ RunTime:0.051259s ]
INFO: [ view_end ] --START--
INFO: ShowPageTrace Behavior ::run [ RunTime:0.015646s ]
INFO: [ view_end ] --END-- [ RunTime:0.015808s ]

[ 2014-08-21T11:44:26+08:00 ] 127.0.0.1 /php/app/index.php/Form/add/id/3
INFO: [ route_check ] --START--
INFO: CheckRoute Behavior ::run [ RunTime:0.013362s ]
INFO: [ route_check ] --END-- [ RunTime:0.013511s ]
INFO: [ app_begin ] --START--
INFO: ReadHtmlCache Behavior ::run [ RunTime:0.012094s ]
INFO: [ app_begin ] --END-- [ RunTime:0.012237s ]
NOTIC: [8] Constant THEME_NAME already defined C:\Program Files\xampps\htdocs\php\app\Lib\Core\View.class.php 第 223 行.
NOTIC: [8] Constant THEME_PATH already defined C:\Program Files\xampps\htdocs\php\app\Lib\Core\View.class.php 第 174 行.
NOTIC: [8] Constant APP_TMPL_PATH already defined C:\Program Files\xampps\htdocs\php\app\Lib\Core\View.class.php 第 175 行.
INFO: [ view_parse ] --START--
INFO: ParseTemplate Behavior ::run [ RunTime:0.092376s ]
INFO: [ view_parse ] --END-- [ RunTime:0.092543s ]
INFO: [ view_filter ] --START--
INFO: ContentReplace Behavior ::run [ RunTime:0.013930s ]
INFO: TokenBuild Behavior ::run [ RunTime:0.015168s ]
INFO: WriteHtmlCache Behavior ::run [ RunTime:0.016137s ]
INFO: ShowRuntime Behavior ::run [ RunTime:0.014641s ]
INFO: [ view_filter ] --END-- [ RunTime:0.060322s ]
INFO: [ view_end ] --START--
INFO: ShowPageTrace Behavior ::run [ RunTime:0.016142s ]
INFO: [ view_end ] --END-- [ RunTime:0.016338s ]

[ 2014-08-21T11:44:27+08:00 ] 127.0.0.1 /php/app/index.php/Form/add/id/my.css
INFO: [ route_check ] --START--
INFO: CheckRoute Behavior ::run [ RunTime:0.013769s ]
INFO: [ route_check ] --END-- [ RunTime:0.013919s ]
INFO: [ app_begin ] --START--
INFO: ReadHtmlCache Behavior ::run [ RunTime:0.013160s ]
INFO: [ app_begin ] --END-- [ RunTime:0.013339s ]
NOTIC: [8] Constant THEME_NAME already defined C:\Program Files\xampps\htdocs\php\app\Lib\Core\View.class.php 第 223 行.
NOTIC: [8] Constant THEME_PATH already defined C:\Program Files\xampps\htdocs\php\app\Lib\Core\View.class.php 第 174 行.
NOTIC: [8] Constant APP_TMPL_PATH already defined C:\Program Files\xampps\htdocs\php\app\Lib\Core\View.class.php 第 175 行.
INFO: [ view_parse ] --START--
INFO: ParseTemplate Behavior ::run [ RunTime:0.080369s ]
INFO: [ view_parse ] --END-- [ RunTime:0.080537s ]
INFO: [ view_filter ] --START--
INFO: ContentReplace Behavior ::run [ RunTime:0.011786s ]
INFO: TokenBuild Behavior ::run [ RunTime:0.014373s ]
INFO: WriteHtmlCache Behavior ::run [ RunTime:0.013228s ]
INFO: ShowRuntime Behavior ::run [ RunTime:0.011643s ]
INFO: [ view_filter ] --END-- [ RunTime:0.051381s ]
INFO: [ view_end ] --START--
INFO: ShowPageTrace Behavior ::run [ RunTime:0.012997s ]
INFO: [ view_end ] --END-- [ RunTime:0.013117s ]

[ 2014-08-21T11:44:54+08:00 ] 127.0.0.1 /php/app/index.php/Form/edit/id/3
INFO: [ route_check ] --START--
INFO: CheckRoute Behavior ::run [ RunTime:0.014220s ]
INFO: [ route_check ] --END-- [ RunTime:0.014414s ]
INFO: [ app_begin ] --START--
INFO: ReadHtmlCache Behavior ::run [ RunTime:0.012717s ]
INFO: [ app_begin ] --END-- [ RunTime:0.012857s ]
SQL: SHOW COLUMNS FROM `think_form` [ RunTime:0.002334s ]
SQL: SELECT * FROM `think_form` WHERE ( `id` = 3 ) LIMIT 1   [ RunTime:0.000591s ]
INFO: [ view_parse ] --START--
INFO: ParseTemplate Behavior ::run [ RunTime:0.081383s ]
INFO: [ view_parse ] --END-- [ RunTime:0.081545s ]
INFO: [ view_filter ] --START--
INFO: ContentReplace Behavior ::run [ RunTime:0.011559s ]
INFO: TokenBuild Behavior ::run [ RunTime:0.013702s ]
INFO: WriteHtmlCache Behavior ::run [ RunTime:0.012516s ]
INFO: ShowRuntime Behavior ::run [ RunTime:0.012342s ]
INFO: [ view_filter ] --END-- [ RunTime:0.050476s ]
INFO: [ view_end ] --START--
INFO: ShowPageTrace Behavior ::run [ RunTime:0.011944s ]
INFO: [ view_end ] --END-- [ RunTime:0.012062s ]

[ 2014-08-21T11:44:54+08:00 ] 127.0.0.1 /php/app/index.php/Form/edit/id/my.css
INFO: [ route_check ] --START--
INFO: CheckRoute Behavior ::run [ RunTime:0.015478s ]
INFO: [ route_check ] --END-- [ RunTime:0.015637s ]
INFO: [ app_begin ] --START--
INFO: ReadHtmlCache Behavior ::run [ RunTime:0.012581s ]
INFO: [ app_begin ] --END-- [ RunTime:0.012760s ]
SQL: SHOW COLUMNS FROM `think_form` [ RunTime:0.002246s ]
SQL: SELECT * FROM `think_form` WHERE ( `id` = 0 ) LIMIT 1   [ RunTime:0.000472s ]
INFO: [ view_parse ] --START--
INFO: ParseTemplate Behavior ::run [ RunTime:0.085685s ]
INFO: [ view_parse ] --END-- [ RunTime:0.085849s ]
INFO: [ view_filter ] --START--
INFO: ContentReplace Behavior ::run [ RunTime:0.012500s ]
INFO: TokenBuild Behavior ::run [ RunTime:0.012113s ]
INFO: WriteHtmlCache Behavior ::run [ RunTime:0.012336s ]
INFO: ShowRuntime Behavior ::run [ RunTime:0.012732s ]
INFO: [ view_filter ] --END-- [ RunTime:0.050039s ]
INFO: [ view_end ] --START--
INFO: ShowPageTrace Behavior ::run [ RunTime:0.012890s ]
INFO: [ view_end ] --END-- [ RunTime:0.013086s ]

[ 2014-08-21T11:46:54+08:00 ] 127.0.0.1 /php/app/index.php/Form/update
INFO: [ route_check ] --START--
INFO: CheckRoute Behavior ::run [ RunTime:0.017452s ]
INFO: [ route_check ] --END-- [ RunTime:0.017637s ]
INFO: [ app_begin ] --START--
INFO: ReadHtmlCache Behavior ::run [ RunTime:0.014177s ]
INFO: [ app_begin ] --END-- [ RunTime:0.014343s ]
SQL: SHOW COLUMNS FROM `think_form` [ RunTime:0.002561s ]
SQL: UPDATE `think_form` SET `title`='1',`content`='wwww000' WHERE ( `id` = 3 ) [ RunTime:0.000461s ]
INFO: [ view_parse ] --START--
INFO: ParseTemplate Behavior ::run [ RunTime:0.076675s ]
INFO: [ view_parse ] --END-- [ RunTime:0.076835s ]
INFO: [ view_filter ] --START--
INFO: ContentReplace Behavior ::run [ RunTime:0.015520s ]
INFO: TokenBuild Behavior ::run [ RunTime:0.012883s ]
INFO: WriteHtmlCache Behavior ::run [ RunTime:0.011464s ]
INFO: ShowRuntime Behavior ::run [ RunTime:0.012225s ]
INFO: [ view_filter ] --END-- [ RunTime:0.052501s ]
INFO: [ view_end ] --START--
INFO: ShowPageTrace Behavior ::run [ RunTime:0.013310s ]
INFO: [ view_end ] --END-- [ RunTime:0.013435s ]

[ 2014-08-21T11:46:55+08:00 ] 127.0.0.1 /php/app/index.php/Form/edit/id/3
INFO: [ route_check ] --START--
INFO: CheckRoute Behavior ::run [ RunTime:0.015295s ]
INFO: [ route_check ] --END-- [ RunTime:0.015503s ]
INFO: [ app_begin ] --START--
INFO: ReadHtmlCache Behavior ::run [ RunTime:0.012015s ]
INFO: [ app_begin ] --END-- [ RunTime:0.012146s ]
SQL: SHOW COLUMNS FROM `think_form` [ RunTime:0.003158s ]
SQL: SELECT * FROM `think_form` WHERE ( `id` = 3 ) LIMIT 1   [ RunTime:0.000687s ]
INFO: [ view_parse ] --START--
INFO: ParseTemplate Behavior ::run [ RunTime:0.086735s ]
INFO: [ view_parse ] --END-- [ RunTime:0.086895s ]
INFO: [ view_filter ] --START--
INFO: ContentReplace Behavior ::run [ RunTime:0.011930s ]
INFO: TokenBuild Behavior ::run [ RunTime:0.012248s ]
INFO: WriteHtmlCache Behavior ::run [ RunTime:0.012868s ]
INFO: ShowRuntime Behavior ::run [ RunTime:0.014008s ]
INFO: [ view_filter ] --END-- [ RunTime:0.051457s ]
INFO: [ view_end ] --START--
INFO: ShowPageTrace Behavior ::run [ RunTime:0.012370s ]
INFO: [ view_end ] --END-- [ RunTime:0.012512s ]

[ 2014-08-21T11:46:56+08:00 ] 127.0.0.1 /php/app/index.php/Form/edit/id/my.css
INFO: [ route_check ] --START--
INFO: CheckRoute Behavior ::run [ RunTime:0.013793s ]
INFO: [ route_check ] --END-- [ RunTime:0.013959s ]
INFO: [ app_begin ] --START--
INFO: ReadHtmlCache Behavior ::run [ RunTime:0.012823s ]
INFO: [ app_begin ] --END-- [ RunTime:0.012956s ]
SQL: SHOW COLUMNS FROM `think_form` [ RunTime:0.002249s ]
SQL: SELECT * FROM `think_form` WHERE ( `id` = 0 ) LIMIT 1   [ RunTime:0.000492s ]
INFO: [ view_parse ] --START--
INFO: ParseTemplate Behavior ::run [ RunTime:0.094894s ]
INFO: [ view_parse ] --END-- [ RunTime:0.095067s ]
INFO: [ view_filter ] --START--
INFO: ContentReplace Behavior ::run [ RunTime:0.016489s ]
INFO: TokenBuild Behavior ::run [ RunTime:0.015972s ]
INFO: WriteHtmlCache Behavior ::run [ RunTime:0.012118s ]
INFO: ShowRuntime Behavior ::run [ RunTime:0.013122s ]
INFO: [ view_filter ] --END-- [ RunTime:0.058144s ]
INFO: [ view_end ] --START--
INFO: ShowPageTrace Behavior ::run [ RunTime:0.014593s ]
INFO: [ view_end ] --END-- [ RunTime:0.014747s ]

[ 2014-08-21T11:46:59+08:00 ] 127.0.0.1 /php/app/index.php/Form/update
INFO: [ route_check ] --START--
INFO: CheckRoute Behavior ::run [ RunTime:0.012470s ]
INFO: [ route_check ] --END-- [ RunTime:0.012620s ]
INFO: [ app_begin ] --START--
INFO: ReadHtmlCache Behavior ::run [ RunTime:0.012443s ]
INFO: [ app_begin ] --END-- [ RunTime:0.012579s ]
SQL: SHOW COLUMNS FROM `think_form` [ RunTime:0.065272s ]
SQL: UPDATE `think_form` SET `title`='1',`content`='wwww000' WHERE ( `id` = 3 ) [ RunTime:0.000477s ]
INFO: [ view_parse ] --START--
INFO: ParseTemplate Behavior ::run [ RunTime:0.083553s ]
INFO: [ view_parse ] --END-- [ RunTime:0.083729s ]
INFO: [ view_filter ] --START--
INFO: ContentReplace Behavior ::run [ RunTime:0.014386s ]
INFO: TokenBuild Behavior ::run [ RunTime:0.016553s ]
INFO: WriteHtmlCache Behavior ::run [ RunTime:0.016980s ]
INFO: ShowRuntime Behavior ::run [ RunTime:0.014861s ]
INFO: [ view_filter ] --END-- [ RunTime:0.063295s ]
INFO: [ view_end ] --START--
INFO: ShowPageTrace Behavior ::run [ RunTime:0.012826s ]
INFO: [ view_end ] --END-- [ RunTime:0.012999s ]

