[ 2014-08-21T18:04:30+08:00 ] 127.0.0.1 /php/app/index.php
INFO: [ app_begin ] --START--
INFO: ReadHtmlCache Behavior ::run [ RunTime:0.012222s ]
INFO: [ app_begin ] --END-- [ RunTime:0.012447s ]
INFO: [ view_parse ] --START--
NOTIC: [2] is_file() [<a href='function.is-file'>function.is-file</a>]: open_basedir restriction in effect. File(&lt;style type=&quot;text/css&quot;&gt;*{ padding: 0; margin: 0; } div{ padding: 4px 48px;} body{ background: #fff; font-family: &quot;微软雅黑&quot;; color: #333;} h1{ font-size: 100px; font-weight: normal; margin-bottom: 12px; } p{ line-height: 1.8em; font-size: 36px }&lt;/style&gt;&lt;div style=&quot;padding: 24px 48px;&quot;&gt; &lt;h1&gt;:)&lt;/h1&gt;&lt;p&gt;欢迎使用 &lt;b&gt;ThinkPHP&lt;/b&gt;！&lt;/p&gt;&lt;/div&gt;&lt;script type=&quot;text/javascript&quot; src=&quot;http://tajs.qq.com/stats?sId=9347272&quot; charset=&quot;UTF-8&quot;&gt;&lt;/script&gt;) is not within the allowed path(s): (C:/Program Files/xampps/) C:\Program Files\xampps\htdocs\php\app\Lib\Template\ThinkTemplate.class.php 第 96 行.
INFO: ParseTemplate Behavior ::run [ RunTime:0.080937s ]
INFO: [ view_parse ] --END-- [ RunTime:0.081091s ]
INFO: [ view_filter ] --START--
NOTIC: [8] Use of undefined constant APP_TMPL_PATH - assumed 'APP_TMPL_PATH' C:\Program Files\xampps\htdocs\php\app\Lib\Behavior\ContentReplaceBehavior.class.php 第 40 行.
NOTIC: [8] Use of undefined constant APP_TMPL_PATH - assumed 'APP_TMPL_PATH' C:\Program Files\xampps\htdocs\php\app\Lib\Behavior\ContentReplaceBehavior.class.php 第 47 行.
INFO: ContentReplace Behavior ::run [ RunTime:0.011559s ]
INFO: TokenBuild Behavior ::run [ RunTime:0.013224s ]
INFO: WriteHtmlCache Behavior ::run [ RunTime:0.011405s ]
INFO: ShowRuntime Behavior ::run [ RunTime:0.012564s ]
INFO: [ view_filter ] --END-- [ RunTime:0.049108s ]
INFO: [ view_end ] --START--
INFO: ShowPageTrace Behavior ::run [ RunTime:0.013308s ]
INFO: [ view_end ] --END-- [ RunTime:0.013432s ]
NOTIC: [8] Constant PHP_FILE already defined C:\Program Files\xampps\htdocs\php\app\Lib\Core\Dispatcher.class.php 第 44 行.
NOTIC: [8] Constant __INFO__ already defined C:\Program Files\xampps\htdocs\php\app\Lib\Core\Dispatcher.class.php 第 137 行.
NOTIC: [8] Constant __SELF__ already defined C:\Program Files\xampps\htdocs\php\app\Lib\Core\Dispatcher.class.php 第 141 行.
NOTIC: [8] Constant __APP__ already defined C:\Program Files\xampps\htdocs\php\app\Lib\Core\Dispatcher.class.php 第 143 行.
NOTIC: [8] Constant BASE_LIB_PATH already defined C:\Program Files\xampps\htdocs\php\app\Lib\Core\Dispatcher.class.php 第 153 行.
NOTIC: [8] Constant MODULE_NAME already defined C:\Program Files\xampps\htdocs\php\app\Lib\Core\Dispatcher.class.php 第 178 行.
NOTIC: [8] Constant ACTION_NAME already defined C:\Program Files\xampps\htdocs\php\app\Lib\Core\Dispatcher.class.php 第 179 行.
NOTIC: [8] Constant __URL__ already defined C:\Program Files\xampps\htdocs\php\app\Lib\Core\Dispatcher.class.php 第 186 行.
NOTIC: [8] Constant __ACTION__ already defined C:\Program Files\xampps\htdocs\php\app\Lib\Core\Dispatcher.class.php 第 189 行.
NOTIC: [8] Constant NOW_TIME already defined C:\Program Files\xampps\htdocs\php\app\Lib\Core\App.class.php 第 41 行.
NOTIC: [8] Constant REQUEST_METHOD already defined C:\Program Files\xampps\htdocs\php\app\Lib\Core\App.class.php 第 42 行.
NOTIC: [8] Constant IS_GET already defined C:\Program Files\xampps\htdocs\php\app\Lib\Core\App.class.php 第 43 行.
NOTIC: [8] Constant IS_POST already defined C:\Program Files\xampps\htdocs\php\app\Lib\Core\App.class.php 第 44 行.
NOTIC: [8] Constant IS_PUT already defined C:\Program Files\xampps\htdocs\php\app\Lib\Core\App.class.php 第 45 行.
NOTIC: [8] Constant IS_DELETE already defined C:\Program Files\xampps\htdocs\php\app\Lib\Core\App.class.php 第 46 行.
NOTIC: [8] Constant IS_AJAX already defined C:\Program Files\xampps\htdocs\php\app\Lib\Core\App.class.php 第 47 行.
INFO: [ app_begin ] --START--
INFO: ReadHtmlCache Behavior ::run [ RunTime:0.000142s ]
INFO: [ app_begin ] --END-- [ RunTime:-0.166987s ]
NOTIC: [8] A session had already been started - ignoring session_start() C:\Program Files\xampps\htdocs\php\app\Common\functions.php 第 566 行.
INFO: [ view_parse ] --START--
INFO: ParseTemplate Behavior ::run [ RunTime:0.012474s ]
INFO: [ view_parse ] --END-- [ RunTime:-0.071195s ]
INFO: [ view_filter ] --START--
NOTIC: [8] Use of undefined constant APP_TMPL_PATH - assumed 'APP_TMPL_PATH' C:\Program Files\xampps\htdocs\php\app\Lib\Behavior\ContentReplaceBehavior.class.php 第 40 行.
NOTIC: [8] Use of undefined constant APP_TMPL_PATH - assumed 'APP_TMPL_PATH' C:\Program Files\xampps\htdocs\php\app\Lib\Behavior\ContentReplaceBehavior.class.php 第 47 行.
INFO: ContentReplace Behavior ::run [ RunTime:0.000179s ]
INFO: TokenBuild Behavior ::run [ RunTime:0.000085s ]
INFO: WriteHtmlCache Behavior ::run [ RunTime:0.000024s ]
INFO: ShowRuntime Behavior ::run [ RunTime:0.000146s ]
INFO: [ view_filter ] --END-- [ RunTime:-0.034700s ]
INFO: [ view_end ] --START--
INFO: ShowPageTrace Behavior ::run [ RunTime:0.000076s ]
INFO: [ view_end ] --END-- [ RunTime:-0.021914s ]

