[ 2014-08-21T18:16:26+08:00 ] 127.0.0.1 /php/app/admin.php
INFO: [ app_begin ] --START--
INFO: ReadHtmlCache Behavior ::run [ RunTime:0.017506s ]
INFO: [ app_begin ] --END-- [ RunTime:0.017726s ]
INFO: [ view_parse ] --START--
NOTIC: [2] is_file() [<a href='function.is-file'>function.is-file</a>]: open_basedir restriction in effect. File(&lt;style type=&quot;text/css&quot;&gt;*{ padding: 0; margin: 0; } div{ padding: 4px 48px;} body{ background: #fff; font-family: &quot;微软雅黑&quot;; color: #333;} h1{ font-size: 100px; font-weight: normal; margin-bottom: 12px; } p{ line-height: 1.8em; font-size: 36px }&lt;/style&gt;&lt;div style=&quot;padding: 24px 48px;&quot;&gt; &lt;h1&gt;:)&lt;/h1&gt;&lt;p&gt;欢迎使用 &lt;b&gt;ThinkPHP&lt;/b&gt;！&lt;/p&gt;&lt;/div&gt;&lt;script type=&quot;text/javascript&quot; src=&quot;http://tajs.qq.com/stats?sId=9347272&quot; charset=&quot;UTF-8&quot;&gt;&lt;/script&gt;) is not within the allowed path(s): (C:/Program Files/xampps/) C:\Program Files\xampps\htdocs\php\app\Lib\Template\ThinkTemplate.class.php 第 96 行.
INFO: ParseTemplate Behavior ::run [ RunTime:0.079319s ]
INFO: [ view_parse ] --END-- [ RunTime:0.079471s ]
INFO: [ view_filter ] --START--
NOTIC: [8] Use of undefined constant APP_TMPL_PATH - assumed 'APP_TMPL_PATH' C:\Program Files\xampps\htdocs\php\app\Lib\Behavior\ContentReplaceBehavior.class.php 第 40 行.
NOTIC: [8] Use of undefined constant APP_TMPL_PATH - assumed 'APP_TMPL_PATH' C:\Program Files\xampps\htdocs\php\app\Lib\Behavior\ContentReplaceBehavior.class.php 第 47 行.
INFO: ContentReplace Behavior ::run [ RunTime:0.012340s ]
INFO: TokenBuild Behavior ::run [ RunTime:0.011566s ]
INFO: WriteHtmlCache Behavior ::run [ RunTime:0.012568s ]
INFO: ShowRuntime Behavior ::run [ RunTime:0.012412s ]
INFO: [ view_filter ] --END-- [ RunTime:0.049228s ]
INFO: [ view_end ] --START--
INFO: ShowPageTrace Behavior ::run [ RunTime:0.012893s ]
INFO: [ view_end ] --END-- [ RunTime:0.013015s ]
NOTIC: [8] Constant PHP_FILE already defined C:\Program Files\xampps\htdocs\php\app\Lib\Core\Dispatcher.class.php 第 44 行.
NOTIC: [8] Constant __INFO__ already defined C:\Program Files\xampps\htdocs\php\app\Lib\Core\Dispatcher.class.php 第 137 行.
NOTIC: [8] Constant __SELF__ already defined C:\Program Files\xampps\htdocs\php\app\Lib\Core\Dispatcher.class.php 第 141 行.
NOTIC: [8] Constant __APP__ already defined C:\Program Files\xampps\htdocs\php\app\Lib\Core\Dispatcher.class.php 第 143 行.
NOTIC: [8] Constant BASE_LIB_PATH already defined C:\Program Files\xampps\htdocs\php\app\Lib\Core\Dispatcher.class.php 第 153 行.
NOTIC: [8] Constant MODULE_NAME already defined C:\Program Files\xampps\htdocs\php\app\Lib\Core\Dispatcher.class.php 第 178 行.
NOTIC: [8] Constant ACTION_NAME already defined C:\Program Files\xampps\htdocs\php\app\Lib\Core\Dispatcher.class.php 第 179 行.
NOTIC: [8] Constant __URL__ already defined C:\Program Files\xampps\htdocs\php\app\Lib\Core\Dispatcher.class.php 第 186 行.
NOTIC: [8] Constant __ACTION__ already defined C:\Program Files\xampps\htdocs\php\app\Lib\Core\Dispatcher.class.php 第 189 行.
NOTIC: [8] Constant NOW_TIME already defined C:\Program Files\xampps\htdocs\php\app\Lib\Core\App.class.php 第 41 行.
NOTIC: [8] Constant REQUEST_METHOD already defined C:\Program Files\xampps\htdocs\php\app\Lib\Core\App.class.php 第 42 行.
NOTIC: [8] Constant IS_GET already defined C:\Program Files\xampps\htdocs\php\app\Lib\Core\App.class.php 第 43 行.
NOTIC: [8] Constant IS_POST already defined C:\Program Files\xampps\htdocs\php\app\Lib\Core\App.class.php 第 44 行.
NOTIC: [8] Constant IS_PUT already defined C:\Program Files\xampps\htdocs\php\app\Lib\Core\App.class.php 第 45 行.
NOTIC: [8] Constant IS_DELETE already defined C:\Program Files\xampps\htdocs\php\app\Lib\Core\App.class.php 第 46 行.
NOTIC: [8] Constant IS_AJAX already defined C:\Program Files\xampps\htdocs\php\app\Lib\Core\App.class.php 第 47 行.
INFO: [ app_begin ] --START--
INFO: ReadHtmlCache Behavior ::run [ RunTime:0.000230s ]
INFO: [ app_begin ] --END-- [ RunTime:-0.168781s ]
NOTIC: [8] A session had already been started - ignoring session_start() C:\Program Files\xampps\htdocs\php\app\Common\functions.php 第 566 行.
INFO: [ view_parse ] --START--
INFO: ParseTemplate Behavior ::run [ RunTime:0.009732s ]
INFO: [ view_parse ] --END-- [ RunTime:-0.071658s ]
INFO: [ view_filter ] --START--
NOTIC: [8] Use of undefined constant APP_TMPL_PATH - assumed 'APP_TMPL_PATH' C:\Program Files\xampps\htdocs\php\app\Lib\Behavior\ContentReplaceBehavior.class.php 第 40 行.
NOTIC: [8] Use of undefined constant APP_TMPL_PATH - assumed 'APP_TMPL_PATH' C:\Program Files\xampps\htdocs\php\app\Lib\Behavior\ContentReplaceBehavior.class.php 第 47 行.
INFO: ContentReplace Behavior ::run [ RunTime:0.000178s ]
INFO: TokenBuild Behavior ::run [ RunTime:0.000097s ]
INFO: WriteHtmlCache Behavior ::run [ RunTime:0.000024s ]
INFO: ShowRuntime Behavior ::run [ RunTime:0.000135s ]
INFO: [ view_filter ] --END-- [ RunTime:-0.032314s ]
INFO: [ view_end ] --START--
INFO: ShowPageTrace Behavior ::run [ RunTime:0.000077s ]
INFO: [ view_end ] --END-- [ RunTime:-0.019944s ]

[ 2014-08-21T18:16:30+08:00 ] 127.0.0.1 /php/app/admin.php
INFO: [ app_begin ] --START--
INFO: ReadHtmlCache Behavior ::run [ RunTime:0.012292s ]
INFO: [ app_begin ] --END-- [ RunTime:0.012442s ]
INFO: [ view_parse ] --START--
INFO: ParseTemplate Behavior ::run [ RunTime:0.024487s ]
INFO: [ view_parse ] --END-- [ RunTime:0.024665s ]
INFO: [ view_filter ] --START--
NOTIC: [8] Use of undefined constant APP_TMPL_PATH - assumed 'APP_TMPL_PATH' C:\Program Files\xampps\htdocs\php\app\Lib\Behavior\ContentReplaceBehavior.class.php 第 40 行.
NOTIC: [8] Use of undefined constant APP_TMPL_PATH - assumed 'APP_TMPL_PATH' C:\Program Files\xampps\htdocs\php\app\Lib\Behavior\ContentReplaceBehavior.class.php 第 47 行.
INFO: ContentReplace Behavior ::run [ RunTime:0.012699s ]
INFO: TokenBuild Behavior ::run [ RunTime:0.011613s ]
INFO: WriteHtmlCache Behavior ::run [ RunTime:0.011733s ]
INFO: ShowRuntime Behavior ::run [ RunTime:0.012064s ]
INFO: [ view_filter ] --END-- [ RunTime:0.048474s ]
INFO: [ view_end ] --START--
INFO: ShowPageTrace Behavior ::run [ RunTime:0.012759s ]
INFO: [ view_end ] --END-- [ RunTime:0.012880s ]
NOTIC: [8] Constant PHP_FILE already defined C:\Program Files\xampps\htdocs\php\app\Lib\Core\Dispatcher.class.php 第 44 行.
NOTIC: [8] Constant __INFO__ already defined C:\Program Files\xampps\htdocs\php\app\Lib\Core\Dispatcher.class.php 第 137 行.
NOTIC: [8] Constant __SELF__ already defined C:\Program Files\xampps\htdocs\php\app\Lib\Core\Dispatcher.class.php 第 141 行.
NOTIC: [8] Constant __APP__ already defined C:\Program Files\xampps\htdocs\php\app\Lib\Core\Dispatcher.class.php 第 143 行.
NOTIC: [8] Constant BASE_LIB_PATH already defined C:\Program Files\xampps\htdocs\php\app\Lib\Core\Dispatcher.class.php 第 153 行.
NOTIC: [8] Constant MODULE_NAME already defined C:\Program Files\xampps\htdocs\php\app\Lib\Core\Dispatcher.class.php 第 178 行.
NOTIC: [8] Constant ACTION_NAME already defined C:\Program Files\xampps\htdocs\php\app\Lib\Core\Dispatcher.class.php 第 179 行.
NOTIC: [8] Constant __URL__ already defined C:\Program Files\xampps\htdocs\php\app\Lib\Core\Dispatcher.class.php 第 186 行.
NOTIC: [8] Constant __ACTION__ already defined C:\Program Files\xampps\htdocs\php\app\Lib\Core\Dispatcher.class.php 第 189 行.
NOTIC: [8] Constant NOW_TIME already defined C:\Program Files\xampps\htdocs\php\app\Lib\Core\App.class.php 第 41 行.
NOTIC: [8] Constant REQUEST_METHOD already defined C:\Program Files\xampps\htdocs\php\app\Lib\Core\App.class.php 第 42 行.
NOTIC: [8] Constant IS_GET already defined C:\Program Files\xampps\htdocs\php\app\Lib\Core\App.class.php 第 43 行.
NOTIC: [8] Constant IS_POST already defined C:\Program Files\xampps\htdocs\php\app\Lib\Core\App.class.php 第 44 行.
NOTIC: [8] Constant IS_PUT already defined C:\Program Files\xampps\htdocs\php\app\Lib\Core\App.class.php 第 45 行.
NOTIC: [8] Constant IS_DELETE already defined C:\Program Files\xampps\htdocs\php\app\Lib\Core\App.class.php 第 46 行.
NOTIC: [8] Constant IS_AJAX already defined C:\Program Files\xampps\htdocs\php\app\Lib\Core\App.class.php 第 47 行.
INFO: [ app_begin ] --START--
INFO: ReadHtmlCache Behavior ::run [ RunTime:0.000139s ]
INFO: [ app_begin ] --END-- [ RunTime:-0.163642s ]
NOTIC: [8] A session had already been started - ignoring session_start() C:\Program Files\xampps\htdocs\php\app\Common\functions.php 第 566 行.
INFO: [ view_parse ] --START--
INFO: ParseTemplate Behavior ::run [ RunTime:0.010658s ]
INFO: [ view_parse ] --END-- [ RunTime:-0.071015s ]
INFO: [ view_filter ] --START--
NOTIC: [8] Use of undefined constant APP_TMPL_PATH - assumed 'APP_TMPL_PATH' C:\Program Files\xampps\htdocs\php\app\Lib\Behavior\ContentReplaceBehavior.class.php 第 40 行.
NOTIC: [8] Use of undefined constant APP_TMPL_PATH - assumed 'APP_TMPL_PATH' C:\Program Files\xampps\htdocs\php\app\Lib\Behavior\ContentReplaceBehavior.class.php 第 47 行.
INFO: ContentReplace Behavior ::run [ RunTime:0.000194s ]
INFO: TokenBuild Behavior ::run [ RunTime:0.000085s ]
INFO: WriteHtmlCache Behavior ::run [ RunTime:0.000023s ]
INFO: ShowRuntime Behavior ::run [ RunTime:0.000136s ]
INFO: [ view_filter ] --END-- [ RunTime:-0.033299s ]
INFO: [ view_end ] --START--
INFO: ShowPageTrace Behavior ::run [ RunTime:0.000076s ]
INFO: [ view_end ] --END-- [ RunTime:-0.021068s ]

[ 2014-08-21T18:57:24+08:00 ] 127.0.0.1 /php/app/admin.php/main
ERR: 无法加载模块:main

[ 2014-08-21T18:57:34+08:00 ] 127.0.0.1 /php/app/admin.php/admin
ERR: 无法加载模块:admin

[ 2014-08-21T18:58:04+08:00 ] 127.0.0.1 /php/app/admin.php/admin/admin
ERR: 无法加载模块:admin

[ 2014-08-21T18:59:54+08:00 ] 127.0.0.1 /php/app/admin.php/admin/login
ERR: 无法加载模块:admin

[ 2014-08-21T19:00:13+08:00 ] 127.0.0.1 /php/app/admin.php/Admin/login
ERR: 无法加载模块:Admin

[ 2014-08-21T19:02:00+08:00 ] 127.0.0.1 /php/app/admin.php/Admin/go.php
ERR: 非法操作:go.php

[ 2014-08-21T19:09:18+08:00 ] 127.0.0.1 /php/app/admin.php/Admin/
ERR: 非法操作:index

[ 2014-08-21T19:50:26+08:00 ] 127.0.0.1 /php/app/admin.php/Admin/check
ERR: Action:errpr您所请求的方法不存在！

[ 2014-08-21T21:01:06+08:00 ] 127.0.0.1 /php/app/admin.php/Admin/logo
ERR: 非法操作:logo

[ 2014-08-21T21:08:33+08:00 ] 127.0.0.1 /php/app/admin.php/Admin/logo
ERR: 非法操作:logo

[ 2014-08-21T21:08:53+08:00 ] 127.0.0.1 /php/app/admin.php/Admin/logo
ERR: 非法操作:logo

[ 2014-08-21T21:08:55+08:00 ] 127.0.0.1 /php/app/admin.php/Admin/logo
ERR: 非法操作:logo

[ 2014-08-21T21:09:19+08:00 ] 127.0.0.1 /php/app/admin.php/Admin/logo
ERR: 非法操作:logo

[ 2014-08-21T21:10:11+08:00 ] 127.0.0.1 /php/app/admin.php/Admin/logo
ERR: 非法操作:logo

[ 2014-08-21T21:10:12+08:00 ] 127.0.0.1 /php/app/admin.php/Admin/logo
ERR: 非法操作:logo

[ 2014-08-21T21:17:42+08:00 ] 127.0.0.1 /php/app/admin.php/Admin/logo
ERR: 非法操作:logo

[ 2014-08-21T21:17:44+08:00 ] 127.0.0.1 /php/app/admin.php/Admin/logo
ERR: 非法操作:logo

[ 2014-08-21T21:17:46+08:00 ] 127.0.0.1 /php/app/admin.php/Admin/logo
ERR: 非法操作:logo

[ 2014-08-21T21:18:16+08:00 ] 127.0.0.1 /php/app/admin.php/Admin/logo
ERR: 非法操作:logo

[ 2014-08-21T21:18:18+08:00 ] 127.0.0.1 /php/app/admin.php/Admin/logo
ERR: 非法操作:logo

